---------------------------------------------------------------
[ 2019-04-30T17:46:46+08:00 ] 0.0.0.0 GET localhost/
[运行时间：0.285896s] [吞吐率：3.50req/s] [内存消耗：1,291.07kb] [文件加载：41]
[ info ] [ LANG ] D:\phpstudy\WWW\php_web\thinkphp\lang\zh-cn.php
[ info ] [ BIND ] 'index'
[ info ] [ ROUTE ] array (
  'type' => 'module',
  'module' => 
  array (
    0 => 'index',
    1 => NULL,
    2 => NULL,
  ),
)
[ info ] [ HEADER ] array (
  'cookie' => 'Webstorm-4eb8b3=57b0db99-672f-4b1b-b1ea-0a1029c84255; pgv_pvi=4980935680',
  'accept-language' => 'en-US,en;q=0.9,zh-CN;q=0.8,zh;q=0.7',
  'accept-encoding' => 'gzip, deflate, br',
  'purpose' => 'prefetch',
  'accept' => 'text/html,application/xhtml+xml,application/xml;q=0.9,image/webp,image/apng,*/*;q=0.8,application/signed-exchange;v=b3',
  'user-agent' => 'Mozilla/5.0 (Windows NT 10.0; Win64; x64) AppleWebKit/537.36 (KHTML, like Gecko) Chrome/74.0.3729.108 Safari/537.36',
  'upgrade-insecure-requests' => '1',
  'connection' => 'close',
  'host' => 'localhost',
)
[ info ] [ PARAM ] array (
)
[ info ] [ RUN ] app\index\controller\Index->index[ D:\phpstudy\WWW\php_web\app\index\controller\Index.php ]
[ info ] [ VIEW ] D:\phpstudy\WWW\php_web\public/../app/index\view\index\index.html [ array (
) ]
[ info ] [ LOG ] INIT File
---------------------------------------------------------------
[ 2019-04-30T17:46:46+08:00 ] 0.0.0.0 GET localhost/static/images/banner.jpg
[运行时间：0.055713s] [吞吐率：17.95req/s] [内存消耗：1,098.27kb] [文件加载：37]
[ info ] [ LANG ] D:\phpstudy\WWW\php_web\thinkphp\lang\zh-cn.php
[ info ] [ BIND ] 'index'
[ info ] [ ROUTE ] array (
  'type' => 'module',
  'module' => 
  array (
    0 => 'index',
    1 => 'static',
    2 => 'images',
  ),
)
[ info ] [ HEADER ] array (
  'cookie' => 'Webstorm-4eb8b3=57b0db99-672f-4b1b-b1ea-0a1029c84255; pgv_pvi=4980935680',
  'accept-language' => 'en-US,en;q=0.9,zh-CN;q=0.8,zh;q=0.7',
  'accept-encoding' => 'gzip, deflate, br',
  'referer' => 'http://localhost/',
  'purpose' => 'prefetch',
  'accept' => 'image/webp,image/apng,image/*,*/*;q=0.8',
  'user-agent' => 'Mozilla/5.0 (Windows NT 10.0; Win64; x64) AppleWebKit/537.36 (KHTML, like Gecko) Chrome/74.0.3729.108 Safari/537.36',
  'connection' => 'close',
  'host' => 'localhost',
)
[ info ] [ PARAM ] array (
  '/static/images/banner_jpg' => '',
)
[ info ] [ LOG ] INIT File
---------------------------------------------------------------
[ 2019-04-30T17:46:50+08:00 ] 0.0.0.0 GET localhost/Gbook
[运行时间：0.082809s] [吞吐率：12.08req/s] [内存消耗：1,302.46kb] [文件加载：42]
[ info ] [ LANG ] D:\phpstudy\WWW\php_web\thinkphp\lang\zh-cn.php
[ info ] [ BIND ] 'index'
[ info ] [ ROUTE ] array (
  'type' => 'module',
  'module' => 
  array (
    0 => 'index',
    1 => 'Gbook',
    2 => NULL,
  ),
)
[ info ] [ HEADER ] array (
  'cookie' => 'Webstorm-4eb8b3=57b0db99-672f-4b1b-b1ea-0a1029c84255; pgv_pvi=4980935680',
  'accept-language' => 'en-US,en;q=0.9,zh-CN;q=0.8,zh;q=0.7',
  'accept-encoding' => 'gzip, deflate, br',
  'referer' => 'http://localhost/',
  'accept' => 'text/html,application/xhtml+xml,application/xml;q=0.9,image/webp,image/apng,*/*;q=0.8,application/signed-exchange;v=b3',
  'user-agent' => 'Mozilla/5.0 (Windows NT 10.0; Win64; x64) AppleWebKit/537.36 (KHTML, like Gecko) Chrome/74.0.3729.108 Safari/537.36',
  'upgrade-insecure-requests' => '1',
  'connection' => 'close',
  'host' => 'localhost',
)
[ info ] [ PARAM ] array (
  '/Gbook' => '',
)
[ info ] [ RUN ] app\index\controller\Gbook->index[ D:\phpstudy\WWW\php_web\app\index\controller\Gbook.php ]
[ info ] [ VIEW ] D:\phpstudy\WWW\php_web\public/../app/index\view\index\gbook.html [ array (
) ]
[ info ] [ LOG ] INIT File
---------------------------------------------------------------
[ 2019-04-30T17:46:51+08:00 ] 0.0.0.0 GET localhost/About
[运行时间：0.094626s] [吞吐率：10.57req/s] [内存消耗：1,302.49kb] [文件加载：42]
[ info ] [ LANG ] D:\phpstudy\WWW\php_web\thinkphp\lang\zh-cn.php
[ info ] [ BIND ] 'index'
[ info ] [ ROUTE ] array (
  'type' => 'module',
  'module' => 
  array (
    0 => 'index',
    1 => 'About',
    2 => NULL,
  ),
)
[ info ] [ HEADER ] array (
  'cookie' => 'Webstorm-4eb8b3=57b0db99-672f-4b1b-b1ea-0a1029c84255; pgv_pvi=4980935680',
  'accept-language' => 'en-US,en;q=0.9,zh-CN;q=0.8,zh;q=0.7',
  'accept-encoding' => 'gzip, deflate, br',
  'referer' => 'http://localhost/Gbook',
  'accept' => 'text/html,application/xhtml+xml,application/xml;q=0.9,image/webp,image/apng,*/*;q=0.8,application/signed-exchange;v=b3',
  'user-agent' => 'Mozilla/5.0 (Windows NT 10.0; Win64; x64) AppleWebKit/537.36 (KHTML, like Gecko) Chrome/74.0.3729.108 Safari/537.36',
  'upgrade-insecure-requests' => '1',
  'connection' => 'close',
  'host' => 'localhost',
)
[ info ] [ PARAM ] array (
  '/About' => '',
)
[ info ] [ RUN ] app\index\controller\About->index[ D:\phpstudy\WWW\php_web\app\index\controller\About.php ]
[ info ] [ VIEW ] D:\phpstudy\WWW\php_web\public/../app/index\view\index\about.html [ array (
) ]
[ info ] [ LOG ] INIT File
---------------------------------------------------------------
[ 2019-04-30T17:46:51+08:00 ] 0.0.0.0 GET localhost/Index
[运行时间：0.027236s] [吞吐率：36.72req/s] [内存消耗：1,291.58kb] [文件加载：41]
[ info ] [ LANG ] D:\phpstudy\WWW\php_web\thinkphp\lang\zh-cn.php
[ info ] [ BIND ] 'index'
[ info ] [ ROUTE ] array (
  'type' => 'module',
  'module' => 
  array (
    0 => 'index',
    1 => 'Index',
    2 => NULL,
  ),
)
[ info ] [ HEADER ] array (
  'cookie' => 'Webstorm-4eb8b3=57b0db99-672f-4b1b-b1ea-0a1029c84255; pgv_pvi=4980935680',
  'accept-language' => 'en-US,en;q=0.9,zh-CN;q=0.8,zh;q=0.7',
  'accept-encoding' => 'gzip, deflate, br',
  'referer' => 'http://localhost/About',
  'accept' => 'text/html,application/xhtml+xml,application/xml;q=0.9,image/webp,image/apng,*/*;q=0.8,application/signed-exchange;v=b3',
  'user-agent' => 'Mozilla/5.0 (Windows NT 10.0; Win64; x64) AppleWebKit/537.36 (KHTML, like Gecko) Chrome/74.0.3729.108 Safari/537.36',
  'upgrade-insecure-requests' => '1',
  'connection' => 'close',
  'host' => 'localhost',
)
[ info ] [ PARAM ] array (
  '/Index' => '',
)
[ info ] [ RUN ] app\index\controller\Index->index[ D:\phpstudy\WWW\php_web\app\index\controller\Index.php ]
[ info ] [ VIEW ] D:\phpstudy\WWW\php_web\public/../app/index\view\index\index.html [ array (
) ]
[ info ] [ LOG ] INIT File
---------------------------------------------------------------
[ 2019-04-30T17:46:51+08:00 ] 0.0.0.0 GET localhost/static/images/banner.jpg
[运行时间：0.021946s] [吞吐率：45.57req/s] [内存消耗：1,097.96kb] [文件加载：37]
[ info ] [ LANG ] D:\phpstudy\WWW\php_web\thinkphp\lang\zh-cn.php
[ info ] [ BIND ] 'index'
[ info ] [ ROUTE ] array (
  'type' => 'module',
  'module' => 
  array (
    0 => 'index',
    1 => 'static',
    2 => 'images',
  ),
)
[ info ] [ HEADER ] array (
  'cookie' => 'Webstorm-4eb8b3=57b0db99-672f-4b1b-b1ea-0a1029c84255; pgv_pvi=4980935680',
  'accept-language' => 'en-US,en;q=0.9,zh-CN;q=0.8,zh;q=0.7',
  'accept-encoding' => 'gzip, deflate, br',
  'referer' => 'http://localhost/Index',
  'accept' => 'image/webp,image/apng,image/*,*/*;q=0.8',
  'user-agent' => 'Mozilla/5.0 (Windows NT 10.0; Win64; x64) AppleWebKit/537.36 (KHTML, like Gecko) Chrome/74.0.3729.108 Safari/537.36',
  'connection' => 'close',
  'host' => 'localhost',
)
[ info ] [ PARAM ] array (
  '/static/images/banner_jpg' => '',
)
[ info ] [ LOG ] INIT File
---------------------------------------------------------------
[ 2019-04-30T17:46:52+08:00 ] 0.0.0.0 GET localhost/Gbook
[运行时间：0.028593s] [吞吐率：34.97req/s] [内存消耗：1,302.48kb] [文件加载：42]
[ info ] [ LANG ] D:\phpstudy\WWW\php_web\thinkphp\lang\zh-cn.php
[ info ] [ BIND ] 'index'
[ info ] [ ROUTE ] array (
  'type' => 'module',
  'module' => 
  array (
    0 => 'index',
    1 => 'Gbook',
    2 => NULL,
  ),
)
[ info ] [ HEADER ] array (
  'cookie' => 'Webstorm-4eb8b3=57b0db99-672f-4b1b-b1ea-0a1029c84255; pgv_pvi=4980935680',
  'accept-language' => 'en-US,en;q=0.9,zh-CN;q=0.8,zh;q=0.7',
  'accept-encoding' => 'gzip, deflate, br',
  'referer' => 'http://localhost/Index',
  'accept' => 'text/html,application/xhtml+xml,application/xml;q=0.9,image/webp,image/apng,*/*;q=0.8,application/signed-exchange;v=b3',
  'user-agent' => 'Mozilla/5.0 (Windows NT 10.0; Win64; x64) AppleWebKit/537.36 (KHTML, like Gecko) Chrome/74.0.3729.108 Safari/537.36',
  'upgrade-insecure-requests' => '1',
  'connection' => 'close',
  'host' => 'localhost',
)
[ info ] [ PARAM ] array (
  '/Gbook' => '',
)
[ info ] [ RUN ] app\index\controller\Gbook->index[ D:\phpstudy\WWW\php_web\app\index\controller\Gbook.php ]
[ info ] [ VIEW ] D:\phpstudy\WWW\php_web\public/../app/index\view\index\gbook.html [ array (
) ]
[ info ] [ LOG ] INIT File
---------------------------------------------------------------
[ 2019-04-30T17:46:53+08:00 ] 0.0.0.0 GET localhost/Download
[运行时间：0.067887s] [吞吐率：14.73req/s] [内存消耗：1,302.66kb] [文件加载：42]
[ info ] [ LANG ] D:\phpstudy\WWW\php_web\thinkphp\lang\zh-cn.php
[ info ] [ BIND ] 'index'
[ info ] [ ROUTE ] array (
  'type' => 'module',
  'module' => 
  array (
    0 => 'index',
    1 => 'Download',
    2 => NULL,
  ),
)
[ info ] [ HEADER ] array (
  'cookie' => 'Webstorm-4eb8b3=57b0db99-672f-4b1b-b1ea-0a1029c84255; pgv_pvi=4980935680',
  'accept-language' => 'en-US,en;q=0.9,zh-CN;q=0.8,zh;q=0.7',
  'accept-encoding' => 'gzip, deflate, br',
  'referer' => 'http://localhost/Gbook',
  'accept' => 'text/html,application/xhtml+xml,application/xml;q=0.9,image/webp,image/apng,*/*;q=0.8,application/signed-exchange;v=b3',
  'user-agent' => 'Mozilla/5.0 (Windows NT 10.0; Win64; x64) AppleWebKit/537.36 (KHTML, like Gecko) Chrome/74.0.3729.108 Safari/537.36',
  'upgrade-insecure-requests' => '1',
  'connection' => 'close',
  'host' => 'localhost',
)
[ info ] [ PARAM ] array (
  '/Download' => '',
)
[ info ] [ RUN ] app\index\controller\Download->index[ D:\phpstudy\WWW\php_web\app\index\controller\Download.php ]
[ info ] [ VIEW ] D:\phpstudy\WWW\php_web\public/../app/index\view\index\download.html [ array (
) ]
[ info ] [ LOG ] INIT File
---------------------------------------------------------------
[ 2019-04-30T17:46:53+08:00 ] 0.0.0.0 GET localhost/js/download_js.js
[运行时间：0.040740s] [吞吐率：24.55req/s] [内存消耗：1,097.80kb] [文件加载：37]
[ info ] [ LANG ] D:\phpstudy\WWW\php_web\thinkphp\lang\zh-cn.php
[ info ] [ BIND ] 'index'
[ info ] [ ROUTE ] array (
  'type' => 'module',
  'module' => 
  array (
    0 => 'index',
    1 => 'js',
    2 => 'download_js.js',
  ),
)
[ info ] [ HEADER ] array (
  'cookie' => 'Webstorm-4eb8b3=57b0db99-672f-4b1b-b1ea-0a1029c84255; pgv_pvi=4980935680',
  'accept-language' => 'en-US,en;q=0.9,zh-CN;q=0.8,zh;q=0.7',
  'accept-encoding' => 'gzip, deflate, br',
  'referer' => 'http://localhost/Download',
  'accept' => '*/*',
  'user-agent' => 'Mozilla/5.0 (Windows NT 10.0; Win64; x64) AppleWebKit/537.36 (KHTML, like Gecko) Chrome/74.0.3729.108 Safari/537.36',
  'connection' => 'close',
  'host' => 'localhost',
)
[ info ] [ PARAM ] array (
  '/js/download_js_js' => '',
)
[ info ] [ LOG ] INIT File
---------------------------------------------------------------
[ 2019-04-30T17:53:40+08:00 ] 0.0.0.0 GET localhost/index/index/index
[运行时间：0.030158s] [吞吐率：33.16req/s] [内存消耗：1,291.34kb] [文件加载：41]
[ info ] [ LANG ] D:\phpstudy\WWW\php_web\thinkphp\lang\zh-cn.php
[ info ] [ BIND ] 'index'
[ info ] [ ROUTE ] array (
  'type' => 'module',
  'module' => 
  array (
    0 => 'index',
    1 => 'index',
    2 => 'index',
  ),
)
[ info ] [ HEADER ] array (
  'cookie' => 'Webstorm-4eb8b3=57b0db99-672f-4b1b-b1ea-0a1029c84255; pgv_pvi=4980935680',
  'accept-language' => 'en-US,en;q=0.9,zh-CN;q=0.8,zh;q=0.7',
  'accept-encoding' => 'gzip, deflate, br',
  'accept' => 'text/html,application/xhtml+xml,application/xml;q=0.9,image/webp,image/apng,*/*;q=0.8,application/signed-exchange;v=b3',
  'user-agent' => 'Mozilla/5.0 (Windows NT 10.0; Win64; x64) AppleWebKit/537.36 (KHTML, like Gecko) Chrome/74.0.3729.108 Safari/537.36',
  'upgrade-insecure-requests' => '1',
  'connection' => 'close',
  'host' => 'localhost',
)
[ info ] [ PARAM ] array (
  '/index/index/index' => '',
)
[ info ] [ RUN ] app\index\controller\Index->index[ D:\phpstudy\WWW\php_web\app\index\controller\Index.php ]
[ info ] [ VIEW ] D:\phpstudy\WWW\php_web\public/../app/index\view\index\index.html [ array (
) ]
[ info ] [ LOG ] INIT File
---------------------------------------------------------------
[ 2019-04-30T17:53:40+08:00 ] 0.0.0.0 GET localhost/static/images/banner.jpg
[运行时间：0.031796s] [吞吐率：31.45req/s] [内存消耗：1,098.01kb] [文件加载：37]
[ info ] [ LANG ] D:\phpstudy\WWW\php_web\thinkphp\lang\zh-cn.php
[ info ] [ BIND ] 'index'
[ info ] [ ROUTE ] array (
  'type' => 'module',
  'module' => 
  array (
    0 => 'index',
    1 => 'static',
    2 => 'images',
  ),
)
[ info ] [ HEADER ] array (
  'cookie' => 'Webstorm-4eb8b3=57b0db99-672f-4b1b-b1ea-0a1029c84255; pgv_pvi=4980935680',
  'accept-language' => 'en-US,en;q=0.9,zh-CN;q=0.8,zh;q=0.7',
  'accept-encoding' => 'gzip, deflate, br',
  'referer' => 'http://localhost/index/index/index',
  'accept' => 'image/webp,image/apng,image/*,*/*;q=0.8',
  'user-agent' => 'Mozilla/5.0 (Windows NT 10.0; Win64; x64) AppleWebKit/537.36 (KHTML, like Gecko) Chrome/74.0.3729.108 Safari/537.36',
  'connection' => 'close',
  'host' => 'localhost',
)
[ info ] [ PARAM ] array (
  '/static/images/banner_jpg' => '',
)
[ info ] [ LOG ] INIT File
---------------------------------------------------------------
[ 2019-04-30T17:54:12+08:00 ] 0.0.0.0 GET localhost/index.php
[运行时间：0.030907s] [吞吐率：32.35req/s] [内存消耗：1,290.80kb] [文件加载：41]
[ info ] [ LANG ] D:\phpstudy\WWW\php_web\thinkphp\lang\zh-cn.php
[ info ] [ BIND ] 'index'
[ info ] [ ROUTE ] array (
  'type' => 'module',
  'module' => 
  array (
    0 => 'index',
    1 => NULL,
    2 => NULL,
  ),
)
[ info ] [ HEADER ] array (
  'cookie' => 'Webstorm-4eb8b3=57b0db99-672f-4b1b-b1ea-0a1029c84255; pgv_pvi=4980935680',
  'accept-language' => 'en-US,en;q=0.9,zh-CN;q=0.8,zh;q=0.7',
  'accept-encoding' => 'gzip, deflate, br',
  'accept' => 'text/html,application/xhtml+xml,application/xml;q=0.9,image/webp,image/apng,*/*;q=0.8,application/signed-exchange;v=b3',
  'user-agent' => 'Mozilla/5.0 (Windows NT 10.0; Win64; x64) AppleWebKit/537.36 (KHTML, like Gecko) Chrome/74.0.3729.108 Safari/537.36',
  'upgrade-insecure-requests' => '1',
  'connection' => 'close',
  'host' => 'localhost',
)
[ info ] [ PARAM ] array (
)
[ info ] [ RUN ] app\index\controller\Index->index[ D:\phpstudy\WWW\php_web\app\index\controller\Index.php ]
[ info ] [ VIEW ] D:\phpstudy\WWW\php_web\public/../app/index\view\index\index.html [ array (
) ]
[ info ] [ LOG ] INIT File
---------------------------------------------------------------
[ 2019-04-30T17:54:12+08:00 ] 0.0.0.0 GET localhost/static/images/banner.jpg
[运行时间：0.030700s] [吞吐率：32.57req/s] [内存消耗：1,097.98kb] [文件加载：37]
[ info ] [ LANG ] D:\phpstudy\WWW\php_web\thinkphp\lang\zh-cn.php
[ info ] [ BIND ] 'index'
[ info ] [ ROUTE ] array (
  'type' => 'module',
  'module' => 
  array (
    0 => 'index',
    1 => 'static',
    2 => 'images',
  ),
)
[ info ] [ HEADER ] array (
  'cookie' => 'Webstorm-4eb8b3=57b0db99-672f-4b1b-b1ea-0a1029c84255; pgv_pvi=4980935680',
  'accept-language' => 'en-US,en;q=0.9,zh-CN;q=0.8,zh;q=0.7',
  'accept-encoding' => 'gzip, deflate, br',
  'referer' => 'http://localhost/index.php',
  'accept' => 'image/webp,image/apng,image/*,*/*;q=0.8',
  'user-agent' => 'Mozilla/5.0 (Windows NT 10.0; Win64; x64) AppleWebKit/537.36 (KHTML, like Gecko) Chrome/74.0.3729.108 Safari/537.36',
  'connection' => 'close',
  'host' => 'localhost',
)
[ info ] [ PARAM ] array (
  '/static/images/banner_jpg' => '',
)
[ info ] [ LOG ] INIT File
---------------------------------------------------------------
[ 2019-04-30T17:55:05+08:00 ] 0.0.0.0 GET localhost/index.php/admin/index/index
[运行时间：0.036647s] [吞吐率：27.29req/s] [内存消耗：1,097.91kb] [文件加载：37]
[ info ] [ LANG ] D:\phpstudy\WWW\php_web\thinkphp\lang\zh-cn.php
[ info ] [ BIND ] 'index'
[ info ] [ ROUTE ] array (
  'type' => 'module',
  'module' => 
  array (
    0 => 'index',
    1 => 'admin',
    2 => 'index',
  ),
)
[ info ] [ HEADER ] array (
  'cookie' => 'Webstorm-4eb8b3=57b0db99-672f-4b1b-b1ea-0a1029c84255; pgv_pvi=4980935680',
  'accept-language' => 'en-US,en;q=0.9,zh-CN;q=0.8,zh;q=0.7',
  'accept-encoding' => 'gzip, deflate, br',
  'accept' => 'text/html,application/xhtml+xml,application/xml;q=0.9,image/webp,image/apng,*/*;q=0.8,application/signed-exchange;v=b3',
  'user-agent' => 'Mozilla/5.0 (Windows NT 10.0; Win64; x64) AppleWebKit/537.36 (KHTML, like Gecko) Chrome/74.0.3729.108 Safari/537.36',
  'upgrade-insecure-requests' => '1',
  'connection' => 'close',
  'host' => 'localhost',
)
[ info ] [ PARAM ] array (
)
[ info ] [ LOG ] INIT File
---------------------------------------------------------------
[ 2019-04-30T17:55:19+08:00 ] 0.0.0.0 GET localhost/admin/index/index
[运行时间：0.027355s] [吞吐率：36.56req/s] [内存消耗：1,098.23kb] [文件加载：37]
[ info ] [ LANG ] D:\phpstudy\WWW\php_web\thinkphp\lang\zh-cn.php
[ info ] [ BIND ] 'index'
[ info ] [ ROUTE ] array (
  'type' => 'module',
  'module' => 
  array (
    0 => 'index',
    1 => 'admin',
    2 => 'index',
  ),
)
[ info ] [ HEADER ] array (
  'cookie' => 'Webstorm-4eb8b3=57b0db99-672f-4b1b-b1ea-0a1029c84255; pgv_pvi=4980935680',
  'accept-language' => 'en-US,en;q=0.9,zh-CN;q=0.8,zh;q=0.7',
  'accept-encoding' => 'gzip, deflate, br',
  'accept' => 'text/html,application/xhtml+xml,application/xml;q=0.9,image/webp,image/apng,*/*;q=0.8,application/signed-exchange;v=b3',
  'user-agent' => 'Mozilla/5.0 (Windows NT 10.0; Win64; x64) AppleWebKit/537.36 (KHTML, like Gecko) Chrome/74.0.3729.108 Safari/537.36',
  'upgrade-insecure-requests' => '1',
  'connection' => 'close',
  'host' => 'localhost',
)
[ info ] [ PARAM ] array (
  '/admin/index/index' => '',
)
[ info ] [ LOG ] INIT File
---------------------------------------------------------------
[ 2019-04-30T17:55:23+08:00 ] 0.0.0.0 GET localhost/index/index/index
[运行时间：0.032653s] [吞吐率：30.62req/s] [内存消耗：1,291.68kb] [文件加载：41]
[ info ] [ LANG ] D:\phpstudy\WWW\php_web\thinkphp\lang\zh-cn.php
[ info ] [ BIND ] 'index'
[ info ] [ ROUTE ] array (
  'type' => 'module',
  'module' => 
  array (
    0 => 'index',
    1 => 'index',
    2 => 'index',
  ),
)
[ info ] [ HEADER ] array (
  'cookie' => 'Webstorm-4eb8b3=57b0db99-672f-4b1b-b1ea-0a1029c84255; pgv_pvi=4980935680',
  'accept-language' => 'en-US,en;q=0.9,zh-CN;q=0.8,zh;q=0.7',
  'accept-encoding' => 'gzip, deflate, br',
  'purpose' => 'prefetch',
  'accept' => 'text/html,application/xhtml+xml,application/xml;q=0.9,image/webp,image/apng,*/*;q=0.8,application/signed-exchange;v=b3',
  'user-agent' => 'Mozilla/5.0 (Windows NT 10.0; Win64; x64) AppleWebKit/537.36 (KHTML, like Gecko) Chrome/74.0.3729.108 Safari/537.36',
  'upgrade-insecure-requests' => '1',
  'connection' => 'close',
  'host' => 'localhost',
)
[ info ] [ PARAM ] array (
  '/index/index/index' => '',
)
[ info ] [ RUN ] app\index\controller\Index->index[ D:\phpstudy\WWW\php_web\app\index\controller\Index.php ]
[ info ] [ VIEW ] D:\phpstudy\WWW\php_web\public/../app/index\view\index\index.html [ array (
) ]
[ info ] [ LOG ] INIT File
---------------------------------------------------------------
[ 2019-04-30T17:55:23+08:00 ] 0.0.0.0 GET localhost/static/images/banner.jpg
[运行时间：0.019618s] [吞吐率：50.97req/s] [内存消耗：1,098.27kb] [文件加载：37]
[ info ] [ LANG ] D:\phpstudy\WWW\php_web\thinkphp\lang\zh-cn.php
[ info ] [ BIND ] 'index'
[ info ] [ ROUTE ] array (
  'type' => 'module',
  'module' => 
  array (
    0 => 'index',
    1 => 'static',
    2 => 'images',
  ),
)
[ info ] [ HEADER ] array (
  'cookie' => 'Webstorm-4eb8b3=57b0db99-672f-4b1b-b1ea-0a1029c84255; pgv_pvi=4980935680',
  'accept-language' => 'en-US,en;q=0.9,zh-CN;q=0.8,zh;q=0.7',
  'accept-encoding' => 'gzip, deflate, br',
  'referer' => 'http://localhost/index/index/index',
  'purpose' => 'prefetch',
  'accept' => 'image/webp,image/apng,image/*,*/*;q=0.8',
  'user-agent' => 'Mozilla/5.0 (Windows NT 10.0; Win64; x64) AppleWebKit/537.36 (KHTML, like Gecko) Chrome/74.0.3729.108 Safari/537.36',
  'connection' => 'close',
  'host' => 'localhost',
)
[ info ] [ PARAM ] array (
  '/static/images/banner_jpg' => '',
)
[ info ] [ LOG ] INIT File
