---------------------------------------------------------------
[ 2019-06-09T15:57:43+08:00 ] 0.0.0.0 GET localhost/
[运行时间：0.143332s] [吞吐率：6.98req/s] [内存消耗：1,959.15kb] [文件加载：49]
[ info ] [ LANG ] D:\phpstudy\WWW\php_web\thinkphp\lang\zh-cn.php
[ info ] [ BIND ] 'index'
[ info ] [ ROUTE ] array (
  'type' => 'module',
  'module' => 
  array (
    0 => 'index',
    1 => NULL,
    2 => NULL,
  ),
)
[ info ] [ HEADER ] array (
  'cookie' => 'Webstorm-4eb8b3=57b0db99-672f-4b1b-b1ea-0a1029c84255; pgv_pvi=4980935680',
  'accept-language' => 'en-US,en;q=0.9,zh-CN;q=0.8,zh;q=0.7',
  'accept-encoding' => 'gzip, deflate, br',
  'accept' => 'text/html,application/xhtml+xml,application/xml;q=0.9,image/webp,image/apng,*/*;q=0.8,application/signed-exchange;v=b3',
  'user-agent' => 'Mozilla/5.0 (Windows NT 10.0; Win64; x64) AppleWebKit/537.36 (KHTML, like Gecko) Chrome/74.0.3729.169 Safari/537.36',
  'upgrade-insecure-requests' => '1',
  'connection' => 'close',
  'host' => 'localhost',
)
[ info ] [ PARAM ] array (
)
[ info ] [ RUN ] app\index\controller\Index->index[ D:\phpstudy\WWW\php_web\app\index\controller\Index.php ]
[ info ] [ DB ] INIT mysql
[ info ] [ VIEW ] D:\phpstudy\WWW\php_web\public/../app/index\view\index\index.html [ array (
  0 => 'article',
  1 => 'count',
  2 => 'article_big',
  3 => 'article_big_2',
  4 => 'page',
  5 => 'last',
) ]
[ info ] [ LOG ] INIT File
---------------------------------------------------------------
[ 2019-06-09T15:57:43+08:00 ] 0.0.0.0 GET localhost/2222222222
[运行时间：0.039840s] [吞吐率：25.10req/s] [内存消耗：1,098.34kb] [文件加载：36]
[ info ] [ LANG ] D:\phpstudy\WWW\php_web\thinkphp\lang\zh-cn.php
[ info ] [ BIND ] 'index'
[ info ] [ ROUTE ] array (
  'type' => 'module',
  'module' => 
  array (
    0 => 'index',
    1 => '2222222222',
    2 => NULL,
  ),
)
[ info ] [ HEADER ] array (
  'cookie' => 'Webstorm-4eb8b3=57b0db99-672f-4b1b-b1ea-0a1029c84255; pgv_pvi=4980935680',
  'accept-language' => 'en-US,en;q=0.9,zh-CN;q=0.8,zh;q=0.7',
  'accept-encoding' => 'gzip, deflate, br',
  'referer' => 'http://localhost/',
  'accept' => 'image/webp,image/apng,image/*,*/*;q=0.8',
  'user-agent' => 'Mozilla/5.0 (Windows NT 10.0; Win64; x64) AppleWebKit/537.36 (KHTML, like Gecko) Chrome/74.0.3729.169 Safari/537.36',
  'connection' => 'close',
  'host' => 'localhost',
)
[ info ] [ PARAM ] array (
  '/2222222222' => '',
)
[ info ] [ LOG ] INIT File
---------------------------------------------------------------
[ 2019-06-09T15:57:44+08:00 ] 0.0.0.0 GET localhost/ddddddd
[运行时间：0.022083s] [吞吐率：45.28req/s] [内存消耗：1,103.59kb] [文件加载：37]
[ info ] [ LANG ] D:\phpstudy\WWW\php_web\thinkphp\lang\zh-cn.php
[ info ] [ BIND ] 'index'
[ info ] [ ROUTE ] array (
  'type' => 'module',
  'module' => 
  array (
    0 => 'index',
    1 => 'ddddddd',
    2 => NULL,
  ),
)
[ info ] [ HEADER ] array (
  'cookie' => 'Webstorm-4eb8b3=57b0db99-672f-4b1b-b1ea-0a1029c84255; pgv_pvi=4980935680',
  'accept-language' => 'en-US,en;q=0.9,zh-CN;q=0.8,zh;q=0.7',
  'accept-encoding' => 'gzip, deflate, br',
  'referer' => 'http://localhost/',
  'accept' => 'image/webp,image/apng,image/*,*/*;q=0.8',
  'user-agent' => 'Mozilla/5.0 (Windows NT 10.0; Win64; x64) AppleWebKit/537.36 (KHTML, like Gecko) Chrome/74.0.3729.169 Safari/537.36',
  'connection' => 'close',
  'host' => 'localhost',
)
[ info ] [ PARAM ] array (
  '/ddddddd' => '',
)
[ info ] [ LOG ] INIT File
---------------------------------------------------------------
[ 2019-06-09T15:57:44+08:00 ] 0.0.0.0 GET localhost/gsdgvdvdv
[运行时间：0.028720s] [吞吐率：34.82req/s] [内存消耗：1,103.63kb] [文件加载：37]
[ info ] [ LANG ] D:\phpstudy\WWW\php_web\thinkphp\lang\zh-cn.php
[ info ] [ BIND ] 'index'
[ info ] [ ROUTE ] array (
  'type' => 'module',
  'module' => 
  array (
    0 => 'index',
    1 => 'gsdgvdvdv',
    2 => NULL,
  ),
)
[ info ] [ HEADER ] array (
  'cookie' => 'Webstorm-4eb8b3=57b0db99-672f-4b1b-b1ea-0a1029c84255; pgv_pvi=4980935680',
  'accept-language' => 'en-US,en;q=0.9,zh-CN;q=0.8,zh;q=0.7',
  'accept-encoding' => 'gzip, deflate, br',
  'referer' => 'http://localhost/',
  'accept' => 'image/webp,image/apng,image/*,*/*;q=0.8',
  'user-agent' => 'Mozilla/5.0 (Windows NT 10.0; Win64; x64) AppleWebKit/537.36 (KHTML, like Gecko) Chrome/74.0.3729.169 Safari/537.36',
  'connection' => 'close',
  'host' => 'localhost',
)
[ info ] [ PARAM ] array (
  '/gsdgvdvdv' => '',
)
[ info ] [ LOG ] INIT File
---------------------------------------------------------------
[ 2019-06-09T15:57:46+08:00 ] 0.0.0.0 GET localhost/login
[运行时间：0.031931s] [吞吐率：31.32req/s] [内存消耗：1,339.63kb] [文件加载：43]
[ info ] [ LANG ] D:\phpstudy\WWW\php_web\thinkphp\lang\zh-cn.php
[ info ] [ BIND ] 'index'
[ info ] [ ROUTE ] array (
  'type' => 'module',
  'module' => 
  array (
    0 => 'index',
    1 => 'login',
    2 => NULL,
  ),
)
[ info ] [ HEADER ] array (
  'cookie' => 'Webstorm-4eb8b3=57b0db99-672f-4b1b-b1ea-0a1029c84255; pgv_pvi=4980935680',
  'accept-language' => 'en-US,en;q=0.9,zh-CN;q=0.8,zh;q=0.7',
  'accept-encoding' => 'gzip, deflate, br',
  'accept' => 'text/html,application/xhtml+xml,application/xml;q=0.9,image/webp,image/apng,*/*;q=0.8,application/signed-exchange;v=b3',
  'user-agent' => 'Mozilla/5.0 (Windows NT 10.0; Win64; x64) AppleWebKit/537.36 (KHTML, like Gecko) Chrome/74.0.3729.169 Safari/537.36',
  'upgrade-insecure-requests' => '1',
  'connection' => 'close',
  'host' => 'localhost',
)
[ info ] [ PARAM ] array (
  '/login' => '',
)
[ info ] [ RUN ] app\index\controller\Login->index[ D:\phpstudy\WWW\php_web\app\index\controller\Login.php ]
[ info ] [ SESSION ] INIT array (
  'id' => '',
  'var_session_id' => '',
  'prefix' => 'think',
  'type' => '',
  'auto_start' => true,
  'httponly' => true,
  'secure' => false,
)
[ info ] [ VIEW ] D:\phpstudy\WWW\php_web\public/../app/index\view\index\login.html [ array (
) ]
[ info ] [ LOG ] INIT File
---------------------------------------------------------------
[ 2019-06-09T15:57:47+08:00 ] 0.0.0.0 POST localhost/Login
[运行时间：0.024970s] [吞吐率：40.05req/s] [内存消耗：1,345.28kb] [文件加载：43]
[ info ] [ LANG ] D:\phpstudy\WWW\php_web\thinkphp\lang\zh-cn.php
[ info ] [ BIND ] 'index'
[ info ] [ ROUTE ] array (
  'type' => 'module',
  'module' => 
  array (
    0 => 'index',
    1 => 'Login',
    2 => NULL,
  ),
)
[ info ] [ HEADER ] array (
  'cookie' => 'Webstorm-4eb8b3=57b0db99-672f-4b1b-b1ea-0a1029c84255; pgv_pvi=4980935680; PHPSESSID=1p10qfdbqbtvv6mn9qgjsukhj7',
  'accept-language' => 'en-US,en;q=0.9,zh-CN;q=0.8,zh;q=0.7',
  'accept-encoding' => 'gzip, deflate, br',
  'referer' => 'http://localhost/login',
  'accept' => 'text/html,application/xhtml+xml,application/xml;q=0.9,image/webp,image/apng,*/*;q=0.8,application/signed-exchange;v=b3',
  'user-agent' => 'Mozilla/5.0 (Windows NT 10.0; Win64; x64) AppleWebKit/537.36 (KHTML, like Gecko) Chrome/74.0.3729.169 Safari/537.36',
  'content-type' => 'application/x-www-form-urlencoded',
  'upgrade-insecure-requests' => '1',
  'origin' => 'http://localhost',
  'cache-control' => 'max-age=0',
  'content-length' => '29',
  'connection' => 'close',
  'host' => 'localhost',
)
[ info ] [ PARAM ] array (
  '/Login' => '',
  'username' => 'root',
  'pwd' => 'lijie123456',
)
[ info ] [ RUN ] app\index\controller\Login->index[ D:\phpstudy\WWW\php_web\app\index\controller\Login.php ]
[ info ] [ SESSION ] INIT array (
  'id' => '',
  'var_session_id' => '',
  'prefix' => 'think',
  'type' => '',
  'auto_start' => true,
  'httponly' => true,
  'secure' => false,
)
[ info ] [ LOG ] INIT File
---------------------------------------------------------------
[ 2019-06-09T15:57:47+08:00 ] 0.0.0.0 GET localhost/Operate
[运行时间：0.066141s] [吞吐率：15.12req/s] [内存消耗：1,988.31kb] [文件加载：50]
[ info ] [ LANG ] D:\phpstudy\WWW\php_web\thinkphp\lang\zh-cn.php
[ info ] [ BIND ] 'index'
[ info ] [ ROUTE ] array (
  'type' => 'module',
  'module' => 
  array (
    0 => 'index',
    1 => 'Operate',
    2 => NULL,
  ),
)
[ info ] [ HEADER ] array (
  'cookie' => 'Webstorm-4eb8b3=57b0db99-672f-4b1b-b1ea-0a1029c84255; pgv_pvi=4980935680; PHPSESSID=1p10qfdbqbtvv6mn9qgjsukhj7; Cauthor=640717f4cd2e022e00b5d4b43f8d7cc7',
  'accept-language' => 'en-US,en;q=0.9,zh-CN;q=0.8,zh;q=0.7',
  'accept-encoding' => 'gzip, deflate, br',
  'referer' => 'http://localhost/login',
  'accept' => 'text/html,application/xhtml+xml,application/xml;q=0.9,image/webp,image/apng,*/*;q=0.8,application/signed-exchange;v=b3',
  'user-agent' => 'Mozilla/5.0 (Windows NT 10.0; Win64; x64) AppleWebKit/537.36 (KHTML, like Gecko) Chrome/74.0.3729.169 Safari/537.36',
  'upgrade-insecure-requests' => '1',
  'cache-control' => 'max-age=0',
  'connection' => 'close',
  'host' => 'localhost',
)
[ info ] [ PARAM ] array (
  '/Operate' => '',
)
[ info ] [ RUN ] app\index\controller\Operate->index[ D:\phpstudy\WWW\php_web\app\index\controller\Operate.php ]
[ info ] [ SESSION ] INIT array (
  'id' => '',
  'var_session_id' => '',
  'prefix' => 'think',
  'type' => '',
  'auto_start' => true,
  'httponly' => true,
  'secure' => false,
)
[ info ] [ DB ] INIT mysql
[ info ] [ VIEW ] D:\phpstudy\WWW\php_web\public/../app/index\view\index\operate.html [ array (
  0 => 'article',
  1 => 'count',
  2 => 'page',
  3 => 'last',
) ]
[ info ] [ LOG ] INIT File
---------------------------------------------------------------
[ 2019-06-09T15:57:49+08:00 ] 0.0.0.0 GET localhost/Edit
[运行时间：0.073882s] [吞吐率：13.54req/s] [内存消耗：1,461.66kb] [文件加载：45]
[ info ] [ LANG ] D:\phpstudy\WWW\php_web\thinkphp\lang\zh-cn.php
[ info ] [ BIND ] 'index'
[ info ] [ ROUTE ] array (
  'type' => 'module',
  'module' => 
  array (
    0 => 'index',
    1 => 'Edit',
    2 => NULL,
  ),
)
[ info ] [ HEADER ] array (
  'cookie' => 'Webstorm-4eb8b3=57b0db99-672f-4b1b-b1ea-0a1029c84255; pgv_pvi=4980935680; PHPSESSID=1p10qfdbqbtvv6mn9qgjsukhj7; Cauthor=640717f4cd2e022e00b5d4b43f8d7cc7',
  'accept-language' => 'en-US,en;q=0.9,zh-CN;q=0.8,zh;q=0.7',
  'accept-encoding' => 'gzip, deflate, br',
  'referer' => 'http://localhost/Operate',
  'accept' => 'text/html,application/xhtml+xml,application/xml;q=0.9,image/webp,image/apng,*/*;q=0.8,application/signed-exchange;v=b3',
  'user-agent' => 'Mozilla/5.0 (Windows NT 10.0; Win64; x64) AppleWebKit/537.36 (KHTML, like Gecko) Chrome/74.0.3729.169 Safari/537.36',
  'upgrade-insecure-requests' => '1',
  'connection' => 'close',
  'host' => 'localhost',
)
[ info ] [ PARAM ] array (
  '/Edit' => '',
)
[ info ] [ RUN ] app\index\controller\Edit->index[ D:\phpstudy\WWW\php_web\app\index\controller\Edit.php ]
[ info ] [ SESSION ] INIT array (
  'id' => '',
  'var_session_id' => '',
  'prefix' => 'think',
  'type' => '',
  'auto_start' => true,
  'httponly' => true,
  'secure' => false,
)
[ info ] [ VIEW ] D:\phpstudy\WWW\php_web\public/../app/index\view\index\edit.html [ array (
) ]
[ info ] [ LOG ] INIT File
---------------------------------------------------------------
[ 2019-06-09T15:57:49+08:00 ] 0.0.0.0 GET localhost/undefinedcss/modules/layer/default/layer.css?v=3.0.3303
[运行时间：0.024592s] [吞吐率：40.66req/s] [内存消耗：1,104.80kb] [文件加载：37]
[ info ] [ LANG ] D:\phpstudy\WWW\php_web\thinkphp\lang\zh-cn.php
[ info ] [ BIND ] 'index'
[ info ] [ ROUTE ] array (
  'type' => 'module',
  'module' => 
  array (
    0 => 'index',
    1 => 'undefinedcss',
    2 => 'modules',
  ),
)
[ info ] [ HEADER ] array (
  'cookie' => 'Webstorm-4eb8b3=57b0db99-672f-4b1b-b1ea-0a1029c84255; pgv_pvi=4980935680; PHPSESSID=1p10qfdbqbtvv6mn9qgjsukhj7; Cauthor=640717f4cd2e022e00b5d4b43f8d7cc7',
  'accept-language' => 'en-US,en;q=0.9,zh-CN;q=0.8,zh;q=0.7',
  'accept-encoding' => 'gzip, deflate, br',
  'referer' => 'http://localhost/Edit',
  'accept' => 'text/css,*/*;q=0.1',
  'user-agent' => 'Mozilla/5.0 (Windows NT 10.0; Win64; x64) AppleWebKit/537.36 (KHTML, like Gecko) Chrome/74.0.3729.169 Safari/537.36',
  'connection' => 'close',
  'host' => 'localhost',
)
[ info ] [ PARAM ] array (
  '/undefinedcss/modules/layer/default/layer_css' => '',
  'v' => '3.0.3303',
  'layer' => 'default',
)
[ info ] [ LOG ] INIT File
---------------------------------------------------------------
[ 2019-06-09T15:58:07+08:00 ] 0.0.0.0 GET localhost/Operate
[运行时间：0.078791s] [吞吐率：12.69req/s] [内存消耗：1,988.09kb] [文件加载：50]
[ info ] [ LANG ] D:\phpstudy\WWW\php_web\thinkphp\lang\zh-cn.php
[ info ] [ BIND ] 'index'
[ info ] [ ROUTE ] array (
  'type' => 'module',
  'module' => 
  array (
    0 => 'index',
    1 => 'Operate',
    2 => NULL,
  ),
)
[ info ] [ HEADER ] array (
  'cookie' => 'Webstorm-4eb8b3=57b0db99-672f-4b1b-b1ea-0a1029c84255; pgv_pvi=4980935680; PHPSESSID=1p10qfdbqbtvv6mn9qgjsukhj7; Cauthor=640717f4cd2e022e00b5d4b43f8d7cc7',
  'accept-language' => 'en-US,en;q=0.9,zh-CN;q=0.8,zh;q=0.7',
  'accept-encoding' => 'gzip, deflate, br',
  'referer' => 'http://localhost/Edit',
  'accept' => 'text/html,application/xhtml+xml,application/xml;q=0.9,image/webp,image/apng,*/*;q=0.8,application/signed-exchange;v=b3',
  'user-agent' => 'Mozilla/5.0 (Windows NT 10.0; Win64; x64) AppleWebKit/537.36 (KHTML, like Gecko) Chrome/74.0.3729.169 Safari/537.36',
  'upgrade-insecure-requests' => '1',
  'connection' => 'close',
  'host' => 'localhost',
)
[ info ] [ PARAM ] array (
  '/Operate' => '',
)
[ info ] [ RUN ] app\index\controller\Operate->index[ D:\phpstudy\WWW\php_web\app\index\controller\Operate.php ]
[ info ] [ SESSION ] INIT array (
  'id' => '',
  'var_session_id' => '',
  'prefix' => 'think',
  'type' => '',
  'auto_start' => true,
  'httponly' => true,
  'secure' => false,
)
[ info ] [ DB ] INIT mysql
[ info ] [ VIEW ] D:\phpstudy\WWW\php_web\public/../app/index\view\index\operate.html [ array (
  0 => 'article',
  1 => 'count',
  2 => 'page',
  3 => 'last',
) ]
[ info ] [ LOG ] INIT File
---------------------------------------------------------------
[ 2019-06-09T15:58:08+08:00 ] 0.0.0.0 GET localhost/Operate/edit/id/45.html
[运行时间：0.074657s] [吞吐率：13.39req/s] [内存消耗：1,969.34kb] [文件加载：49]
[ info ] [ LANG ] D:\phpstudy\WWW\php_web\thinkphp\lang\zh-cn.php
[ info ] [ BIND ] 'index'
[ info ] [ ROUTE ] array (
  'type' => 'module',
  'module' => 
  array (
    0 => 'index',
    1 => 'Operate',
    2 => 'edit',
  ),
)
[ info ] [ HEADER ] array (
  'cookie' => 'Webstorm-4eb8b3=57b0db99-672f-4b1b-b1ea-0a1029c84255; pgv_pvi=4980935680; PHPSESSID=1p10qfdbqbtvv6mn9qgjsukhj7; Cauthor=640717f4cd2e022e00b5d4b43f8d7cc7',
  'accept-language' => 'en-US,en;q=0.9,zh-CN;q=0.8,zh;q=0.7',
  'accept-encoding' => 'gzip, deflate, br',
  'referer' => 'http://localhost/Operate',
  'accept' => 'text/html,application/xhtml+xml,application/xml;q=0.9,image/webp,image/apng,*/*;q=0.8,application/signed-exchange;v=b3',
  'user-agent' => 'Mozilla/5.0 (Windows NT 10.0; Win64; x64) AppleWebKit/537.36 (KHTML, like Gecko) Chrome/74.0.3729.169 Safari/537.36',
  'upgrade-insecure-requests' => '1',
  'connection' => 'close',
  'host' => 'localhost',
)
[ info ] [ PARAM ] array (
  '/Operate/edit/id/45_html' => '',
  'id' => '45',
)
[ info ] [ RUN ] app\index\controller\Operate->edit[ D:\phpstudy\WWW\php_web\app\index\controller\Operate.php ]
[ info ] [ SESSION ] INIT array (
  'id' => '',
  'var_session_id' => '',
  'prefix' => 'think',
  'type' => '',
  'auto_start' => true,
  'httponly' => true,
  'secure' => false,
)
[ info ] [ DB ] INIT mysql
[ info ] [ VIEW ] D:\phpstudy\WWW\php_web\public/../app/index\view\index\editchange.html [ array (
  0 => 'id',
  1 => 'tittle',
  2 => 'author',
  3 => 'summary',
  4 => 'content',
  5 => 'time',
  6 => 'img',
  7 => 'imgsum',
  8 => 'status',
  9 => 'love',
  10 => 'isfirst',
  11 => 'retain3',
  12 => 'viewtime',
) ]
[ info ] [ LOG ] INIT File
