---------------------------------------------------------------
[ 2019-06-24T21:33:20+08:00 ] 0.0.0.0 GET localhost/admin.php/Staffopt/undefinedcss/modules/layer/default/layer.css?v=3.0.3303
[运行时间：0.054458s] [吞吐率：18.36req/s] [内存消耗：1,332.80kb] [文件加载：43]
[ info ] [ LANG ] D:\phpstudy\WWW\php_web\thinkphp\lang\zh-cn.php
[ info ] [ BIND ] 'admin'
[ info ] [ ROUTE ] array (
  'type' => 'module',
  'module' => 
  array (
    0 => 'admin',
    1 => 'Staffopt',
    2 => 'undefinedcss',
  ),
)
[ info ] [ HEADER ] array (
  'cookie' => 'Webstorm-4eb8b3=57b0db99-672f-4b1b-b1ea-0a1029c84255; pgv_pvi=4980935680; PHPSESSID=5tdj3iqsmee54e9140ssji4i85; Cauthor=4bccbd74cb6f1cbfe5d3d1b5e49dfe66',
  'accept-language' => 'en-US,en;q=0.9,zh-CN;q=0.8,zh;q=0.7',
  'accept-encoding' => 'gzip, deflate, br',
  'referer' => 'http://localhost/admin.php/Staffopt/queryall',
  'accept' => 'text/css,*/*;q=0.1',
  'user-agent' => 'Mozilla/5.0 (Windows NT 10.0; Win64; x64) AppleWebKit/537.36 (KHTML, like Gecko) Chrome/75.0.3770.100 Safari/537.36',
  'connection' => 'close',
  'host' => 'localhost',
)
[ info ] [ PARAM ] array (
  'v' => '3.0.3303',
  'modules' => 'layer',
  'default' => 'layer.css',
)
[ info ] [ LOG ] INIT File
---------------------------------------------------------------
[ 2019-06-24T21:33:21+08:00 ] 0.0.0.0 POST localhost/admin.php/Staffopt/query
[运行时间：0.035637s] [吞吐率：28.06req/s] [内存消耗：1,348.05kb] [文件加载：43]
[ info ] [ LANG ] D:\phpstudy\WWW\php_web\thinkphp\lang\zh-cn.php
[ info ] [ BIND ] 'admin'
[ info ] [ ROUTE ] array (
  'type' => 'module',
  'module' => 
  array (
    0 => 'admin',
    1 => 'Staffopt',
    2 => 'query',
  ),
)
[ info ] [ HEADER ] array (
  'cookie' => 'Webstorm-4eb8b3=57b0db99-672f-4b1b-b1ea-0a1029c84255; pgv_pvi=4980935680; PHPSESSID=5tdj3iqsmee54e9140ssji4i85; Cauthor=4bccbd74cb6f1cbfe5d3d1b5e49dfe66',
  'accept-language' => 'en-US,en;q=0.9,zh-CN;q=0.8,zh;q=0.7',
  'accept-encoding' => 'gzip, deflate, br',
  'referer' => 'http://localhost/admin.php/Staffopt/queryall',
  'accept' => 'text/html,application/xhtml+xml,application/xml;q=0.9,image/webp,image/apng,*/*;q=0.8,application/signed-exchange;v=b3',
  'user-agent' => 'Mozilla/5.0 (Windows NT 10.0; Win64; x64) AppleWebKit/537.36 (KHTML, like Gecko) Chrome/75.0.3770.100 Safari/537.36',
  'content-type' => 'application/x-www-form-urlencoded',
  'upgrade-insecure-requests' => '1',
  'origin' => 'http://localhost',
  'cache-control' => 'max-age=0',
  'content-length' => '9',
  'connection' => 'close',
  'host' => 'localhost',
)
[ info ] [ PARAM ] array (
  'id' => '',
  'name' => '',
)
[ info ] [ RUN ] app\admin\controller\Staffopt->query[ D:\phpstudy\WWW\php_web\app\admin\controller\Staffopt.php ]
[ info ] [ SESSION ] INIT array (
  'id' => '',
  'var_session_id' => '',
  'prefix' => 'think',
  'type' => '',
  'auto_start' => true,
  'httponly' => true,
  'secure' => false,
)
[ info ] [ VIEW ] D:\phpstudy\WWW\php_web\public/../app/admin\view\index\staff_opt.html [ array (
  0 => 'puser',
) ]
[ info ] [ LOG ] INIT File
---------------------------------------------------------------
[ 2019-06-24T21:33:22+08:00 ] 0.0.0.0 GET localhost/admin.php/Staffopt/undefinedcss/modules/layer/default/layer.css?v=3.0.3303
[运行时间：0.037284s] [吞吐率：26.82req/s] [内存消耗：1,332.89kb] [文件加载：43]
[ info ] [ LANG ] D:\phpstudy\WWW\php_web\thinkphp\lang\zh-cn.php
[ info ] [ BIND ] 'admin'
[ info ] [ ROUTE ] array (
  'type' => 'module',
  'module' => 
  array (
    0 => 'admin',
    1 => 'Staffopt',
    2 => 'undefinedcss',
  ),
)
[ info ] [ HEADER ] array (
  'cookie' => 'Webstorm-4eb8b3=57b0db99-672f-4b1b-b1ea-0a1029c84255; pgv_pvi=4980935680; PHPSESSID=5tdj3iqsmee54e9140ssji4i85; Cauthor=4bccbd74cb6f1cbfe5d3d1b5e49dfe66',
  'accept-language' => 'en-US,en;q=0.9,zh-CN;q=0.8,zh;q=0.7',
  'accept-encoding' => 'gzip, deflate, br',
  'referer' => 'http://localhost/admin.php/Staffopt/query',
  'accept' => 'text/css,*/*;q=0.1',
  'user-agent' => 'Mozilla/5.0 (Windows NT 10.0; Win64; x64) AppleWebKit/537.36 (KHTML, like Gecko) Chrome/75.0.3770.100 Safari/537.36',
  'connection' => 'close',
  'host' => 'localhost',
)
[ info ] [ PARAM ] array (
  'v' => '3.0.3303',
  'modules' => 'layer',
  'default' => 'layer.css',
)
[ info ] [ LOG ] INIT File
---------------------------------------------------------------
[ 2019-06-24T21:33:23+08:00 ] 0.0.0.0 GET localhost/admin.php/Departopt
[运行时间：0.029701s] [吞吐率：33.67req/s] [内存消耗：1,353.95kb] [文件加载：43]
[ info ] [ LANG ] D:\phpstudy\WWW\php_web\thinkphp\lang\zh-cn.php
[ info ] [ BIND ] 'admin'
[ info ] [ ROUTE ] array (
  'type' => 'module',
  'module' => 
  array (
    0 => 'admin',
    1 => 'Departopt',
    2 => NULL,
  ),
)
[ info ] [ HEADER ] array (
  'cookie' => 'Webstorm-4eb8b3=57b0db99-672f-4b1b-b1ea-0a1029c84255; pgv_pvi=4980935680; PHPSESSID=5tdj3iqsmee54e9140ssji4i85; Cauthor=4bccbd74cb6f1cbfe5d3d1b5e49dfe66',
  'accept-language' => 'en-US,en;q=0.9,zh-CN;q=0.8,zh;q=0.7',
  'accept-encoding' => 'gzip, deflate, br',
  'referer' => 'http://localhost/admin.php/Staffopt/query',
  'accept' => 'text/html,application/xhtml+xml,application/xml;q=0.9,image/webp,image/apng,*/*;q=0.8,application/signed-exchange;v=b3',
  'user-agent' => 'Mozilla/5.0 (Windows NT 10.0; Win64; x64) AppleWebKit/537.36 (KHTML, like Gecko) Chrome/75.0.3770.100 Safari/537.36',
  'upgrade-insecure-requests' => '1',
  'connection' => 'close',
  'host' => 'localhost',
)
[ info ] [ PARAM ] array (
)
[ info ] [ RUN ] app\admin\controller\Departopt->index[ D:\phpstudy\WWW\php_web\app\admin\controller\Departopt.php ]
[ info ] [ SESSION ] INIT array (
  'id' => '',
  'var_session_id' => '',
  'prefix' => 'think',
  'type' => '',
  'auto_start' => true,
  'httponly' => true,
  'secure' => false,
)
[ info ] [ VIEW ] D:\phpstudy\WWW\php_web\public/../app/admin\view\index\depart_opt.html [ array (
  0 => 'depart',
) ]
[ info ] [ LOG ] INIT File
---------------------------------------------------------------
[ 2019-06-24T21:33:23+08:00 ] 0.0.0.0 GET localhost/admin.php/undefinedcss/modules/layer/default/layer.css?v=3.0.3303
[运行时间：0.026789s] [吞吐率：37.33req/s] [内存消耗：1,104.38kb] [文件加载：37]
[ info ] [ LANG ] D:\phpstudy\WWW\php_web\thinkphp\lang\zh-cn.php
[ info ] [ BIND ] 'admin'
[ info ] [ ROUTE ] array (
  'type' => 'module',
  'module' => 
  array (
    0 => 'admin',
    1 => 'undefinedcss',
    2 => 'modules',
  ),
)
[ info ] [ HEADER ] array (
  'cookie' => 'Webstorm-4eb8b3=57b0db99-672f-4b1b-b1ea-0a1029c84255; pgv_pvi=4980935680; PHPSESSID=5tdj3iqsmee54e9140ssji4i85; Cauthor=4bccbd74cb6f1cbfe5d3d1b5e49dfe66',
  'accept-language' => 'en-US,en;q=0.9,zh-CN;q=0.8,zh;q=0.7',
  'accept-encoding' => 'gzip, deflate, br',
  'referer' => 'http://localhost/admin.php/Departopt',
  'accept' => 'text/css,*/*;q=0.1',
  'user-agent' => 'Mozilla/5.0 (Windows NT 10.0; Win64; x64) AppleWebKit/537.36 (KHTML, like Gecko) Chrome/75.0.3770.100 Safari/537.36',
  'connection' => 'close',
  'host' => 'localhost',
)
[ info ] [ PARAM ] array (
  'v' => '3.0.3303',
  'layer' => 'default',
)
[ info ] [ LOG ] INIT File
---------------------------------------------------------------
[ 2019-06-24T21:33:25+08:00 ] 0.0.0.0 GET localhost/admin.php/Departadd
[运行时间：0.035385s] [吞吐率：28.26req/s] [内存消耗：1,339.70kb] [文件加载：43]
[ info ] [ LANG ] D:\phpstudy\WWW\php_web\thinkphp\lang\zh-cn.php
[ info ] [ BIND ] 'admin'
[ info ] [ ROUTE ] array (
  'type' => 'module',
  'module' => 
  array (
    0 => 'admin',
    1 => 'Departadd',
    2 => NULL,
  ),
)
[ info ] [ HEADER ] array (
  'cookie' => 'Webstorm-4eb8b3=57b0db99-672f-4b1b-b1ea-0a1029c84255; pgv_pvi=4980935680; PHPSESSID=5tdj3iqsmee54e9140ssji4i85; Cauthor=4bccbd74cb6f1cbfe5d3d1b5e49dfe66',
  'accept-language' => 'en-US,en;q=0.9,zh-CN;q=0.8,zh;q=0.7',
  'accept-encoding' => 'gzip, deflate, br',
  'referer' => 'http://localhost/admin.php/Departopt',
  'accept' => 'text/html,application/xhtml+xml,application/xml;q=0.9,image/webp,image/apng,*/*;q=0.8,application/signed-exchange;v=b3',
  'user-agent' => 'Mozilla/5.0 (Windows NT 10.0; Win64; x64) AppleWebKit/537.36 (KHTML, like Gecko) Chrome/75.0.3770.100 Safari/537.36',
  'upgrade-insecure-requests' => '1',
  'connection' => 'close',
  'host' => 'localhost',
)
[ info ] [ PARAM ] array (
)
[ info ] [ RUN ] app\admin\controller\Departadd->index[ D:\phpstudy\WWW\php_web\app\admin\controller\Departadd.php ]
[ info ] [ SESSION ] INIT array (
  'id' => '',
  'var_session_id' => '',
  'prefix' => 'think',
  'type' => '',
  'auto_start' => true,
  'httponly' => true,
  'secure' => false,
)
[ info ] [ VIEW ] D:\phpstudy\WWW\php_web\public/../app/admin\view\index\depart_add.html [ array (
) ]
[ info ] [ LOG ] INIT File
---------------------------------------------------------------
[ 2019-06-24T21:33:25+08:00 ] 0.0.0.0 GET localhost/admin.php/undefinedcss/modules/layer/default/layer.css?v=3.0.3303
[运行时间：0.033836s] [吞吐率：29.55req/s] [内存消耗：1,104.38kb] [文件加载：37]
[ info ] [ LANG ] D:\phpstudy\WWW\php_web\thinkphp\lang\zh-cn.php
[ info ] [ BIND ] 'admin'
[ info ] [ ROUTE ] array (
  'type' => 'module',
  'module' => 
  array (
    0 => 'admin',
    1 => 'undefinedcss',
    2 => 'modules',
  ),
)
[ info ] [ HEADER ] array (
  'cookie' => 'Webstorm-4eb8b3=57b0db99-672f-4b1b-b1ea-0a1029c84255; pgv_pvi=4980935680; PHPSESSID=5tdj3iqsmee54e9140ssji4i85; Cauthor=4bccbd74cb6f1cbfe5d3d1b5e49dfe66',
  'accept-language' => 'en-US,en;q=0.9,zh-CN;q=0.8,zh;q=0.7',
  'accept-encoding' => 'gzip, deflate, br',
  'referer' => 'http://localhost/admin.php/Departadd',
  'accept' => 'text/css,*/*;q=0.1',
  'user-agent' => 'Mozilla/5.0 (Windows NT 10.0; Win64; x64) AppleWebKit/537.36 (KHTML, like Gecko) Chrome/75.0.3770.100 Safari/537.36',
  'connection' => 'close',
  'host' => 'localhost',
)
[ info ] [ PARAM ] array (
  'v' => '3.0.3303',
  'layer' => 'default',
)
[ info ] [ LOG ] INIT File
---------------------------------------------------------------
[ 2019-06-24T21:33:33+08:00 ] 0.0.0.0 GET localhost/admin.php/Departadd
[运行时间：0.027978s] [吞吐率：35.74req/s] [内存消耗：1,339.70kb] [文件加载：43]
[ info ] [ LANG ] D:\phpstudy\WWW\php_web\thinkphp\lang\zh-cn.php
[ info ] [ BIND ] 'admin'
[ info ] [ ROUTE ] array (
  'type' => 'module',
  'module' => 
  array (
    0 => 'admin',
    1 => 'Departadd',
    2 => NULL,
  ),
)
[ info ] [ HEADER ] array (
  'cookie' => 'Webstorm-4eb8b3=57b0db99-672f-4b1b-b1ea-0a1029c84255; pgv_pvi=4980935680; PHPSESSID=5tdj3iqsmee54e9140ssji4i85; Cauthor=4bccbd74cb6f1cbfe5d3d1b5e49dfe66',
  'accept-language' => 'en-US,en;q=0.9,zh-CN;q=0.8,zh;q=0.7',
  'accept-encoding' => 'gzip, deflate, br',
  'referer' => 'http://localhost/admin.php/Departadd',
  'accept' => 'text/html,application/xhtml+xml,application/xml;q=0.9,image/webp,image/apng,*/*;q=0.8,application/signed-exchange;v=b3',
  'user-agent' => 'Mozilla/5.0 (Windows NT 10.0; Win64; x64) AppleWebKit/537.36 (KHTML, like Gecko) Chrome/75.0.3770.100 Safari/537.36',
  'upgrade-insecure-requests' => '1',
  'connection' => 'close',
  'host' => 'localhost',
)
[ info ] [ PARAM ] array (
)
[ info ] [ RUN ] app\admin\controller\Departadd->index[ D:\phpstudy\WWW\php_web\app\admin\controller\Departadd.php ]
[ info ] [ SESSION ] INIT array (
  'id' => '',
  'var_session_id' => '',
  'prefix' => 'think',
  'type' => '',
  'auto_start' => true,
  'httponly' => true,
  'secure' => false,
)
[ info ] [ VIEW ] D:\phpstudy\WWW\php_web\public/../app/admin\view\index\depart_add.html [ array (
) ]
[ info ] [ LOG ] INIT File
---------------------------------------------------------------
[ 2019-06-24T21:33:33+08:00 ] 0.0.0.0 GET localhost/admin.php/undefinedcss/modules/layer/default/layer.css?v=3.0.3303
[运行时间：0.033118s] [吞吐率：30.20req/s] [内存消耗：1,104.38kb] [文件加载：37]
[ info ] [ LANG ] D:\phpstudy\WWW\php_web\thinkphp\lang\zh-cn.php
[ info ] [ BIND ] 'admin'
[ info ] [ ROUTE ] array (
  'type' => 'module',
  'module' => 
  array (
    0 => 'admin',
    1 => 'undefinedcss',
    2 => 'modules',
  ),
)
[ info ] [ HEADER ] array (
  'cookie' => 'Webstorm-4eb8b3=57b0db99-672f-4b1b-b1ea-0a1029c84255; pgv_pvi=4980935680; PHPSESSID=5tdj3iqsmee54e9140ssji4i85; Cauthor=4bccbd74cb6f1cbfe5d3d1b5e49dfe66',
  'accept-language' => 'en-US,en;q=0.9,zh-CN;q=0.8,zh;q=0.7',
  'accept-encoding' => 'gzip, deflate, br',
  'referer' => 'http://localhost/admin.php/Departadd',
  'accept' => 'text/css,*/*;q=0.1',
  'user-agent' => 'Mozilla/5.0 (Windows NT 10.0; Win64; x64) AppleWebKit/537.36 (KHTML, like Gecko) Chrome/75.0.3770.100 Safari/537.36',
  'connection' => 'close',
  'host' => 'localhost',
)
[ info ] [ PARAM ] array (
  'v' => '3.0.3303',
  'layer' => 'default',
)
[ info ] [ LOG ] INIT File
---------------------------------------------------------------
[ 2019-06-24T21:33:34+08:00 ] 0.0.0.0 GET localhost/admin.php/Departopt
[运行时间：0.029726s] [吞吐率：33.64req/s] [内存消耗：1,354.01kb] [文件加载：43]
[ info ] [ LANG ] D:\phpstudy\WWW\php_web\thinkphp\lang\zh-cn.php
[ info ] [ BIND ] 'admin'
[ info ] [ ROUTE ] array (
  'type' => 'module',
  'module' => 
  array (
    0 => 'admin',
    1 => 'Departopt',
    2 => NULL,
  ),
)
[ info ] [ HEADER ] array (
  'cookie' => 'Webstorm-4eb8b3=57b0db99-672f-4b1b-b1ea-0a1029c84255; pgv_pvi=4980935680; PHPSESSID=5tdj3iqsmee54e9140ssji4i85; Cauthor=4bccbd74cb6f1cbfe5d3d1b5e49dfe66',
  'accept-language' => 'en-US,en;q=0.9,zh-CN;q=0.8,zh;q=0.7',
  'accept-encoding' => 'gzip, deflate, br',
  'referer' => 'http://localhost/admin.php/Departadd',
  'accept' => 'text/html,application/xhtml+xml,application/xml;q=0.9,image/webp,image/apng,*/*;q=0.8,application/signed-exchange;v=b3',
  'user-agent' => 'Mozilla/5.0 (Windows NT 10.0; Win64; x64) AppleWebKit/537.36 (KHTML, like Gecko) Chrome/75.0.3770.100 Safari/537.36',
  'upgrade-insecure-requests' => '1',
  'connection' => 'close',
  'host' => 'localhost',
)
[ info ] [ PARAM ] array (
)
[ info ] [ RUN ] app\admin\controller\Departopt->index[ D:\phpstudy\WWW\php_web\app\admin\controller\Departopt.php ]
[ info ] [ SESSION ] INIT array (
  'id' => '',
  'var_session_id' => '',
  'prefix' => 'think',
  'type' => '',
  'auto_start' => true,
  'httponly' => true,
  'secure' => false,
)
[ info ] [ VIEW ] D:\phpstudy\WWW\php_web\public/../app/admin\view\index\depart_opt.html [ array (
  0 => 'depart',
) ]
[ info ] [ LOG ] INIT File
---------------------------------------------------------------
[ 2019-06-24T21:33:34+08:00 ] 0.0.0.0 GET localhost/admin.php/undefinedcss/modules/layer/default/layer.css?v=3.0.3303
[运行时间：0.026712s] [吞吐率：37.44req/s] [内存消耗：1,104.38kb] [文件加载：37]
[ info ] [ LANG ] D:\phpstudy\WWW\php_web\thinkphp\lang\zh-cn.php
[ info ] [ BIND ] 'admin'
[ info ] [ ROUTE ] array (
  'type' => 'module',
  'module' => 
  array (
    0 => 'admin',
    1 => 'undefinedcss',
    2 => 'modules',
  ),
)
[ info ] [ HEADER ] array (
  'cookie' => 'Webstorm-4eb8b3=57b0db99-672f-4b1b-b1ea-0a1029c84255; pgv_pvi=4980935680; PHPSESSID=5tdj3iqsmee54e9140ssji4i85; Cauthor=4bccbd74cb6f1cbfe5d3d1b5e49dfe66',
  'accept-language' => 'en-US,en;q=0.9,zh-CN;q=0.8,zh;q=0.7',
  'accept-encoding' => 'gzip, deflate, br',
  'referer' => 'http://localhost/admin.php/Departopt',
  'accept' => 'text/css,*/*;q=0.1',
  'user-agent' => 'Mozilla/5.0 (Windows NT 10.0; Win64; x64) AppleWebKit/537.36 (KHTML, like Gecko) Chrome/75.0.3770.100 Safari/537.36',
  'connection' => 'close',
  'host' => 'localhost',
)
[ info ] [ PARAM ] array (
  'v' => '3.0.3303',
  'layer' => 'default',
)
[ info ] [ LOG ] INIT File
---------------------------------------------------------------
[ 2019-06-24T21:33:35+08:00 ] 0.0.0.0 GET localhost/admin.php/Departopt/queryall
[运行时间：0.097571s] [吞吐率：10.25req/s] [内存消耗：1,973.66kb] [文件加载：50]
[ info ] [ LANG ] D:\phpstudy\WWW\php_web\thinkphp\lang\zh-cn.php
[ info ] [ BIND ] 'admin'
[ info ] [ ROUTE ] array (
  'type' => 'module',
  'module' => 
  array (
    0 => 'admin',
    1 => 'Departopt',
    2 => 'queryall',
  ),
)
[ info ] [ HEADER ] array (
  'cookie' => 'Webstorm-4eb8b3=57b0db99-672f-4b1b-b1ea-0a1029c84255; pgv_pvi=4980935680; PHPSESSID=5tdj3iqsmee54e9140ssji4i85; Cauthor=4bccbd74cb6f1cbfe5d3d1b5e49dfe66',
  'accept-language' => 'en-US,en;q=0.9,zh-CN;q=0.8,zh;q=0.7',
  'accept-encoding' => 'gzip, deflate, br',
  'referer' => 'http://localhost/admin.php/Departopt',
  'accept' => 'text/html,application/xhtml+xml,application/xml;q=0.9,image/webp,image/apng,*/*;q=0.8,application/signed-exchange;v=b3',
  'user-agent' => 'Mozilla/5.0 (Windows NT 10.0; Win64; x64) AppleWebKit/537.36 (KHTML, like Gecko) Chrome/75.0.3770.100 Safari/537.36',
  'upgrade-insecure-requests' => '1',
  'connection' => 'close',
  'host' => 'localhost',
)
[ info ] [ PARAM ] array (
)
[ info ] [ RUN ] app\admin\controller\Departopt->queryall[ D:\phpstudy\WWW\php_web\app\admin\controller\Departopt.php ]
[ info ] [ SESSION ] INIT array (
  'id' => '',
  'var_session_id' => '',
  'prefix' => 'think',
  'type' => '',
  'auto_start' => true,
  'httponly' => true,
  'secure' => false,
)
[ info ] [ DB ] INIT mysql
[ info ] [ VIEW ] D:\phpstudy\WWW\php_web\public/../app/admin\view\index\depart_opt.html [ array (
  0 => 'depart',
) ]
[ info ] [ LOG ] INIT File
---------------------------------------------------------------
[ 2019-06-24T21:33:35+08:00 ] 0.0.0.0 GET localhost/admin.php/Departopt/undefinedcss/modules/layer/default/layer.css?v=3.0.3303
[运行时间：0.030241s] [吞吐率：33.07req/s] [内存消耗：1,339.95kb] [文件加载：43]
[ info ] [ LANG ] D:\phpstudy\WWW\php_web\thinkphp\lang\zh-cn.php
[ info ] [ BIND ] 'admin'
[ info ] [ ROUTE ] array (
  'type' => 'module',
  'module' => 
  array (
    0 => 'admin',
    1 => 'Departopt',
    2 => 'undefinedcss',
  ),
)
[ info ] [ HEADER ] array (
  'cookie' => 'Webstorm-4eb8b3=57b0db99-672f-4b1b-b1ea-0a1029c84255; pgv_pvi=4980935680; PHPSESSID=5tdj3iqsmee54e9140ssji4i85; Cauthor=4bccbd74cb6f1cbfe5d3d1b5e49dfe66',
  'accept-language' => 'en-US,en;q=0.9,zh-CN;q=0.8,zh;q=0.7',
  'accept-encoding' => 'gzip, deflate, br',
  'referer' => 'http://localhost/admin.php/Departopt/queryall',
  'accept' => 'text/css,*/*;q=0.1',
  'user-agent' => 'Mozilla/5.0 (Windows NT 10.0; Win64; x64) AppleWebKit/537.36 (KHTML, like Gecko) Chrome/75.0.3770.100 Safari/537.36',
  'connection' => 'close',
  'host' => 'localhost',
)
[ info ] [ PARAM ] array (
  'v' => '3.0.3303',
  'modules' => 'layer',
  'default' => 'layer.css',
)
[ info ] [ LOG ] INIT File
---------------------------------------------------------------
[ 2019-06-24T21:35:57+08:00 ] 0.0.0.0 GET localhost/admin.php/Departadd
[运行时间：0.036793s] [吞吐率：27.18req/s] [内存消耗：1,339.75kb] [文件加载：43]
[ info ] [ LANG ] D:\phpstudy\WWW\php_web\thinkphp\lang\zh-cn.php
[ info ] [ BIND ] 'admin'
[ info ] [ ROUTE ] array (
  'type' => 'module',
  'module' => 
  array (
    0 => 'admin',
    1 => 'Departadd',
    2 => NULL,
  ),
)
[ info ] [ HEADER ] array (
  'cookie' => 'Webstorm-4eb8b3=57b0db99-672f-4b1b-b1ea-0a1029c84255; pgv_pvi=4980935680; PHPSESSID=5tdj3iqsmee54e9140ssji4i85; Cauthor=4bccbd74cb6f1cbfe5d3d1b5e49dfe66',
  'accept-language' => 'en-US,en;q=0.9,zh-CN;q=0.8,zh;q=0.7',
  'accept-encoding' => 'gzip, deflate, br',
  'referer' => 'http://localhost/admin.php/Departopt/queryall',
  'accept' => 'text/html,application/xhtml+xml,application/xml;q=0.9,image/webp,image/apng,*/*;q=0.8,application/signed-exchange;v=b3',
  'user-agent' => 'Mozilla/5.0 (Windows NT 10.0; Win64; x64) AppleWebKit/537.36 (KHTML, like Gecko) Chrome/75.0.3770.100 Safari/537.36',
  'upgrade-insecure-requests' => '1',
  'connection' => 'close',
  'host' => 'localhost',
)
[ info ] [ PARAM ] array (
)
[ info ] [ RUN ] app\admin\controller\Departadd->index[ D:\phpstudy\WWW\php_web\app\admin\controller\Departadd.php ]
[ info ] [ SESSION ] INIT array (
  'id' => '',
  'var_session_id' => '',
  'prefix' => 'think',
  'type' => '',
  'auto_start' => true,
  'httponly' => true,
  'secure' => false,
)
[ info ] [ VIEW ] D:\phpstudy\WWW\php_web\public/../app/admin\view\index\depart_add.html [ array (
) ]
[ info ] [ LOG ] INIT File
---------------------------------------------------------------
[ 2019-06-24T21:35:57+08:00 ] 0.0.0.0 GET localhost/admin.php/undefinedcss/modules/layer/default/layer.css?v=3.0.3303
[运行时间：0.031365s] [吞吐率：31.88req/s] [内存消耗：1,104.38kb] [文件加载：37]
[ info ] [ LANG ] D:\phpstudy\WWW\php_web\thinkphp\lang\zh-cn.php
[ info ] [ BIND ] 'admin'
[ info ] [ ROUTE ] array (
  'type' => 'module',
  'module' => 
  array (
    0 => 'admin',
    1 => 'undefinedcss',
    2 => 'modules',
  ),
)
[ info ] [ HEADER ] array (
  'cookie' => 'Webstorm-4eb8b3=57b0db99-672f-4b1b-b1ea-0a1029c84255; pgv_pvi=4980935680; PHPSESSID=5tdj3iqsmee54e9140ssji4i85; Cauthor=4bccbd74cb6f1cbfe5d3d1b5e49dfe66',
  'accept-language' => 'en-US,en;q=0.9,zh-CN;q=0.8,zh;q=0.7',
  'accept-encoding' => 'gzip, deflate, br',
  'referer' => 'http://localhost/admin.php/Departadd',
  'accept' => 'text/css,*/*;q=0.1',
  'user-agent' => 'Mozilla/5.0 (Windows NT 10.0; Win64; x64) AppleWebKit/537.36 (KHTML, like Gecko) Chrome/75.0.3770.100 Safari/537.36',
  'connection' => 'close',
  'host' => 'localhost',
)
[ info ] [ PARAM ] array (
  'v' => '3.0.3303',
  'layer' => 'default',
)
[ info ] [ LOG ] INIT File
---------------------------------------------------------------
[ 2019-06-24T21:40:40+08:00 ] 0.0.0.0 GET localhost/admin.php/Departopt
[运行时间：0.033353s] [吞吐率：29.98req/s] [内存消耗：1,353.92kb] [文件加载：43]
[ info ] [ LANG ] D:\phpstudy\WWW\php_web\thinkphp\lang\zh-cn.php
[ info ] [ BIND ] 'admin'
[ info ] [ ROUTE ] array (
  'type' => 'module',
  'module' => 
  array (
    0 => 'admin',
    1 => 'Departopt',
    2 => NULL,
  ),
)
[ info ] [ HEADER ] array (
  'cookie' => 'Webstorm-4eb8b3=57b0db99-672f-4b1b-b1ea-0a1029c84255; pgv_pvi=4980935680; PHPSESSID=5tdj3iqsmee54e9140ssji4i85; Cauthor=4bccbd74cb6f1cbfe5d3d1b5e49dfe66',
  'accept-language' => 'en-US,en;q=0.9,zh-CN;q=0.8,zh;q=0.7',
  'accept-encoding' => 'gzip, deflate, br',
  'referer' => 'http://localhost/admin.php/Departadd',
  'accept' => 'text/html,application/xhtml+xml,application/xml;q=0.9,image/webp,image/apng,*/*;q=0.8,application/signed-exchange;v=b3',
  'user-agent' => 'Mozilla/5.0 (Windows NT 10.0; Win64; x64) AppleWebKit/537.36 (KHTML, like Gecko) Chrome/75.0.3770.100 Safari/537.36',
  'upgrade-insecure-requests' => '1',
  'connection' => 'close',
  'host' => 'localhost',
)
[ info ] [ PARAM ] array (
)
[ info ] [ RUN ] app\admin\controller\Departopt->index[ D:\phpstudy\WWW\php_web\app\admin\controller\Departopt.php ]
[ info ] [ SESSION ] INIT array (
  'id' => '',
  'var_session_id' => '',
  'prefix' => 'think',
  'type' => '',
  'auto_start' => true,
  'httponly' => true,
  'secure' => false,
)
[ info ] [ VIEW ] D:\phpstudy\WWW\php_web\public/../app/admin\view\index\depart_opt.html [ array (
  0 => 'depart',
) ]
[ info ] [ LOG ] INIT File
---------------------------------------------------------------
[ 2019-06-24T21:40:40+08:00 ] 0.0.0.0 GET localhost/admin.php/undefinedcss/modules/layer/default/layer.css?v=3.0.3303
[运行时间：0.027831s] [吞吐率：35.93req/s] [内存消耗：1,104.38kb] [文件加载：37]
[ info ] [ LANG ] D:\phpstudy\WWW\php_web\thinkphp\lang\zh-cn.php
[ info ] [ BIND ] 'admin'
[ info ] [ ROUTE ] array (
  'type' => 'module',
  'module' => 
  array (
    0 => 'admin',
    1 => 'undefinedcss',
    2 => 'modules',
  ),
)
[ info ] [ HEADER ] array (
  'cookie' => 'Webstorm-4eb8b3=57b0db99-672f-4b1b-b1ea-0a1029c84255; pgv_pvi=4980935680; PHPSESSID=5tdj3iqsmee54e9140ssji4i85; Cauthor=4bccbd74cb6f1cbfe5d3d1b5e49dfe66',
  'accept-language' => 'en-US,en;q=0.9,zh-CN;q=0.8,zh;q=0.7',
  'accept-encoding' => 'gzip, deflate, br',
  'referer' => 'http://localhost/admin.php/Departopt',
  'accept' => 'text/css,*/*;q=0.1',
  'user-agent' => 'Mozilla/5.0 (Windows NT 10.0; Win64; x64) AppleWebKit/537.36 (KHTML, like Gecko) Chrome/75.0.3770.100 Safari/537.36',
  'connection' => 'close',
  'host' => 'localhost',
)
[ info ] [ PARAM ] array (
  'v' => '3.0.3303',
  'layer' => 'default',
)
[ info ] [ LOG ] INIT File
---------------------------------------------------------------
[ 2019-06-24T21:40:41+08:00 ] 0.0.0.0 GET localhost/admin.php/Departopt/queryall
[运行时间：0.098789s] [吞吐率：10.12req/s] [内存消耗：1,973.66kb] [文件加载：50]
[ info ] [ LANG ] D:\phpstudy\WWW\php_web\thinkphp\lang\zh-cn.php
[ info ] [ BIND ] 'admin'
[ info ] [ ROUTE ] array (
  'type' => 'module',
  'module' => 
  array (
    0 => 'admin',
    1 => 'Departopt',
    2 => 'queryall',
  ),
)
[ info ] [ HEADER ] array (
  'cookie' => 'Webstorm-4eb8b3=57b0db99-672f-4b1b-b1ea-0a1029c84255; pgv_pvi=4980935680; PHPSESSID=5tdj3iqsmee54e9140ssji4i85; Cauthor=4bccbd74cb6f1cbfe5d3d1b5e49dfe66',
  'accept-language' => 'en-US,en;q=0.9,zh-CN;q=0.8,zh;q=0.7',
  'accept-encoding' => 'gzip, deflate, br',
  'referer' => 'http://localhost/admin.php/Departopt',
  'accept' => 'text/html,application/xhtml+xml,application/xml;q=0.9,image/webp,image/apng,*/*;q=0.8,application/signed-exchange;v=b3',
  'user-agent' => 'Mozilla/5.0 (Windows NT 10.0; Win64; x64) AppleWebKit/537.36 (KHTML, like Gecko) Chrome/75.0.3770.100 Safari/537.36',
  'upgrade-insecure-requests' => '1',
  'connection' => 'close',
  'host' => 'localhost',
)
[ info ] [ PARAM ] array (
)
[ info ] [ RUN ] app\admin\controller\Departopt->queryall[ D:\phpstudy\WWW\php_web\app\admin\controller\Departopt.php ]
[ info ] [ SESSION ] INIT array (
  'id' => '',
  'var_session_id' => '',
  'prefix' => 'think',
  'type' => '',
  'auto_start' => true,
  'httponly' => true,
  'secure' => false,
)
[ info ] [ DB ] INIT mysql
[ info ] [ VIEW ] D:\phpstudy\WWW\php_web\public/../app/admin\view\index\depart_opt.html [ array (
  0 => 'depart',
) ]
[ info ] [ LOG ] INIT File
---------------------------------------------------------------
[ 2019-06-24T21:40:42+08:00 ] 0.0.0.0 GET localhost/admin.php/Departopt/undefinedcss/modules/layer/default/layer.css?v=3.0.3303
[运行时间：0.038919s] [吞吐率：25.69req/s] [内存消耗：1,339.95kb] [文件加载：43]
[ info ] [ LANG ] D:\phpstudy\WWW\php_web\thinkphp\lang\zh-cn.php
[ info ] [ BIND ] 'admin'
[ info ] [ ROUTE ] array (
  'type' => 'module',
  'module' => 
  array (
    0 => 'admin',
    1 => 'Departopt',
    2 => 'undefinedcss',
  ),
)
[ info ] [ HEADER ] array (
  'cookie' => 'Webstorm-4eb8b3=57b0db99-672f-4b1b-b1ea-0a1029c84255; pgv_pvi=4980935680; PHPSESSID=5tdj3iqsmee54e9140ssji4i85; Cauthor=4bccbd74cb6f1cbfe5d3d1b5e49dfe66',
  'accept-language' => 'en-US,en;q=0.9,zh-CN;q=0.8,zh;q=0.7',
  'accept-encoding' => 'gzip, deflate, br',
  'referer' => 'http://localhost/admin.php/Departopt/queryall',
  'accept' => 'text/css,*/*;q=0.1',
  'user-agent' => 'Mozilla/5.0 (Windows NT 10.0; Win64; x64) AppleWebKit/537.36 (KHTML, like Gecko) Chrome/75.0.3770.100 Safari/537.36',
  'connection' => 'close',
  'host' => 'localhost',
)
[ info ] [ PARAM ] array (
  'v' => '3.0.3303',
  'modules' => 'layer',
  'default' => 'layer.css',
)
[ info ] [ LOG ] INIT File
---------------------------------------------------------------
[ 2019-06-24T21:40:44+08:00 ] 0.0.0.0 GET localhost/admin.php/Departopt/modify?id=10001.html
[运行时间：0.080162s] [吞吐率：12.47req/s] [内存消耗：1,966.46kb] [文件加载：49]
[ info ] [ LANG ] D:\phpstudy\WWW\php_web\thinkphp\lang\zh-cn.php
[ info ] [ BIND ] 'admin'
[ info ] [ ROUTE ] array (
  'type' => 'module',
  'module' => 
  array (
    0 => 'admin',
    1 => 'Departopt',
    2 => 'modify',
  ),
)
[ info ] [ HEADER ] array (
  'cookie' => 'Webstorm-4eb8b3=57b0db99-672f-4b1b-b1ea-0a1029c84255; pgv_pvi=4980935680; PHPSESSID=5tdj3iqsmee54e9140ssji4i85; Cauthor=4bccbd74cb6f1cbfe5d3d1b5e49dfe66',
  'accept-language' => 'en-US,en;q=0.9,zh-CN;q=0.8,zh;q=0.7',
  'accept-encoding' => 'gzip, deflate, br',
  'referer' => 'http://localhost/admin.php/Departopt/queryall',
  'accept' => 'text/html,application/xhtml+xml,application/xml;q=0.9,image/webp,image/apng,*/*;q=0.8,application/signed-exchange;v=b3',
  'user-agent' => 'Mozilla/5.0 (Windows NT 10.0; Win64; x64) AppleWebKit/537.36 (KHTML, like Gecko) Chrome/75.0.3770.100 Safari/537.36',
  'upgrade-insecure-requests' => '1',
  'connection' => 'close',
  'host' => 'localhost',
)
[ info ] [ PARAM ] array (
  'id' => '10001.html',
)
[ info ] [ RUN ] app\admin\controller\Departopt->modify[ D:\phpstudy\WWW\php_web\app\admin\controller\Departopt.php ]
[ info ] [ SESSION ] INIT array (
  'id' => '',
  'var_session_id' => '',
  'prefix' => 'think',
  'type' => '',
  'auto_start' => true,
  'httponly' => true,
  'secure' => false,
)
[ info ] [ DB ] INIT mysql
[ info ] [ VIEW ] D:\phpstudy\WWW\php_web\public/../app/admin\view\index\depart_modify.html [ array (
  0 => 'departid',
  1 => 'dname',
  2 => 'departsum',
  3 => 'manager',
  4 => 'pid',
) ]
[ info ] [ LOG ] INIT File
---------------------------------------------------------------
[ 2019-06-24T21:40:44+08:00 ] 0.0.0.0 GET localhost/admin.php/Departopt/undefinedcss/modules/layer/default/layer.css?v=3.0.3303
[运行时间：0.033617s] [吞吐率：29.75req/s] [内存消耗：1,339.95kb] [文件加载：43]
[ info ] [ LANG ] D:\phpstudy\WWW\php_web\thinkphp\lang\zh-cn.php
[ info ] [ BIND ] 'admin'
[ info ] [ ROUTE ] array (
  'type' => 'module',
  'module' => 
  array (
    0 => 'admin',
    1 => 'Departopt',
    2 => 'undefinedcss',
  ),
)
[ info ] [ HEADER ] array (
  'cookie' => 'Webstorm-4eb8b3=57b0db99-672f-4b1b-b1ea-0a1029c84255; pgv_pvi=4980935680; PHPSESSID=5tdj3iqsmee54e9140ssji4i85; Cauthor=4bccbd74cb6f1cbfe5d3d1b5e49dfe66',
  'accept-language' => 'en-US,en;q=0.9,zh-CN;q=0.8,zh;q=0.7',
  'accept-encoding' => 'gzip, deflate, br',
  'referer' => 'http://localhost/admin.php/Departopt/modify?id=10001.html',
  'accept' => 'text/css,*/*;q=0.1',
  'user-agent' => 'Mozilla/5.0 (Windows NT 10.0; Win64; x64) AppleWebKit/537.36 (KHTML, like Gecko) Chrome/75.0.3770.100 Safari/537.36',
  'connection' => 'close',
  'host' => 'localhost',
)
[ info ] [ PARAM ] array (
  'v' => '3.0.3303',
  'modules' => 'layer',
  'default' => 'layer.css',
)
[ info ] [ LOG ] INIT File
---------------------------------------------------------------
[ 2019-06-24T21:40:50+08:00 ] 0.0.0.0 GET localhost/admin.php/Departopt/queryall
[运行时间：0.115412s] [吞吐率：8.66req/s] [内存消耗：1,974.00kb] [文件加载：50]
[ info ] [ LANG ] D:\phpstudy\WWW\php_web\thinkphp\lang\zh-cn.php
[ info ] [ BIND ] 'admin'
[ info ] [ ROUTE ] array (
  'type' => 'module',
  'module' => 
  array (
    0 => 'admin',
    1 => 'Departopt',
    2 => 'queryall',
  ),
)
[ info ] [ HEADER ] array (
  'cookie' => 'Webstorm-4eb8b3=57b0db99-672f-4b1b-b1ea-0a1029c84255; pgv_pvi=4980935680; PHPSESSID=5tdj3iqsmee54e9140ssji4i85; Cauthor=4bccbd74cb6f1cbfe5d3d1b5e49dfe66',
  'accept-language' => 'en-US,en;q=0.9,zh-CN;q=0.8,zh;q=0.7',
  'accept-encoding' => 'gzip, deflate, br',
  'referer' => 'http://localhost/admin.php/Departopt/queryall',
  'accept' => 'text/html,application/xhtml+xml,application/xml;q=0.9,image/webp,image/apng,*/*;q=0.8,application/signed-exchange;v=b3',
  'user-agent' => 'Mozilla/5.0 (Windows NT 10.0; Win64; x64) AppleWebKit/537.36 (KHTML, like Gecko) Chrome/75.0.3770.100 Safari/537.36',
  'upgrade-insecure-requests' => '1',
  'cache-control' => 'max-age=0',
  'connection' => 'close',
  'host' => 'localhost',
)
[ info ] [ PARAM ] array (
)
[ info ] [ RUN ] app\admin\controller\Departopt->queryall[ D:\phpstudy\WWW\php_web\app\admin\controller\Departopt.php ]
[ info ] [ SESSION ] INIT array (
  'id' => '',
  'var_session_id' => '',
  'prefix' => 'think',
  'type' => '',
  'auto_start' => true,
  'httponly' => true,
  'secure' => false,
)
[ info ] [ DB ] INIT mysql
[ info ] [ VIEW ] D:\phpstudy\WWW\php_web\public/../app/admin\view\index\depart_opt.html [ array (
  0 => 'depart',
) ]
[ info ] [ LOG ] INIT File
---------------------------------------------------------------
[ 2019-06-24T21:40:50+08:00 ] 0.0.0.0 GET localhost/admin.php/Departopt/undefinedcss/modules/layer/default/layer.css?v=3.0.3303
[运行时间：0.032267s] [吞吐率：30.99req/s] [内存消耗：1,339.95kb] [文件加载：43]
[ info ] [ LANG ] D:\phpstudy\WWW\php_web\thinkphp\lang\zh-cn.php
[ info ] [ BIND ] 'admin'
[ info ] [ ROUTE ] array (
  'type' => 'module',
  'module' => 
  array (
    0 => 'admin',
    1 => 'Departopt',
    2 => 'undefinedcss',
  ),
)
[ info ] [ HEADER ] array (
  'cookie' => 'Webstorm-4eb8b3=57b0db99-672f-4b1b-b1ea-0a1029c84255; pgv_pvi=4980935680; PHPSESSID=5tdj3iqsmee54e9140ssji4i85; Cauthor=4bccbd74cb6f1cbfe5d3d1b5e49dfe66',
  'accept-language' => 'en-US,en;q=0.9,zh-CN;q=0.8,zh;q=0.7',
  'accept-encoding' => 'gzip, deflate, br',
  'referer' => 'http://localhost/admin.php/Departopt/queryall',
  'accept' => 'text/css,*/*;q=0.1',
  'user-agent' => 'Mozilla/5.0 (Windows NT 10.0; Win64; x64) AppleWebKit/537.36 (KHTML, like Gecko) Chrome/75.0.3770.100 Safari/537.36',
  'connection' => 'close',
  'host' => 'localhost',
)
[ info ] [ PARAM ] array (
  'v' => '3.0.3303',
  'modules' => 'layer',
  'default' => 'layer.css',
)
[ info ] [ LOG ] INIT File
---------------------------------------------------------------
[ 2019-06-24T21:40:51+08:00 ] 0.0.0.0 GET localhost/admin.php/Staffopt
[运行时间：0.023850s] [吞吐率：41.93req/s] [内存消耗：1,346.91kb] [文件加载：43]
[ info ] [ LANG ] D:\phpstudy\WWW\php_web\thinkphp\lang\zh-cn.php
[ info ] [ BIND ] 'admin'
[ info ] [ ROUTE ] array (
  'type' => 'module',
  'module' => 
  array (
    0 => 'admin',
    1 => 'Staffopt',
    2 => NULL,
  ),
)
[ info ] [ HEADER ] array (
  'cookie' => 'Webstorm-4eb8b3=57b0db99-672f-4b1b-b1ea-0a1029c84255; pgv_pvi=4980935680; PHPSESSID=5tdj3iqsmee54e9140ssji4i85; Cauthor=4bccbd74cb6f1cbfe5d3d1b5e49dfe66',
  'accept-language' => 'en-US,en;q=0.9,zh-CN;q=0.8,zh;q=0.7',
  'accept-encoding' => 'gzip, deflate, br',
  'referer' => 'http://localhost/admin.php/Departopt/queryall',
  'accept' => 'text/html,application/xhtml+xml,application/xml;q=0.9,image/webp,image/apng,*/*;q=0.8,application/signed-exchange;v=b3',
  'user-agent' => 'Mozilla/5.0 (Windows NT 10.0; Win64; x64) AppleWebKit/537.36 (KHTML, like Gecko) Chrome/75.0.3770.100 Safari/537.36',
  'upgrade-insecure-requests' => '1',
  'connection' => 'close',
  'host' => 'localhost',
)
[ info ] [ PARAM ] array (
)
[ info ] [ RUN ] app\admin\controller\Staffopt->index[ D:\phpstudy\WWW\php_web\app\admin\controller\Staffopt.php ]
[ info ] [ SESSION ] INIT array (
  'id' => '',
  'var_session_id' => '',
  'prefix' => 'think',
  'type' => '',
  'auto_start' => true,
  'httponly' => true,
  'secure' => false,
)
[ info ] [ VIEW ] D:\phpstudy\WWW\php_web\public/../app/admin\view\index\staff_opt.html [ array (
  0 => 'puser',
) ]
[ info ] [ LOG ] INIT File
---------------------------------------------------------------
[ 2019-06-24T21:40:51+08:00 ] 0.0.0.0 GET localhost/admin.php/undefinedcss/modules/layer/default/layer.css?v=3.0.3303
[运行时间：0.027004s] [吞吐率：37.03req/s] [内存消耗：1,104.36kb] [文件加载：37]
[ info ] [ LANG ] D:\phpstudy\WWW\php_web\thinkphp\lang\zh-cn.php
[ info ] [ BIND ] 'admin'
[ info ] [ ROUTE ] array (
  'type' => 'module',
  'module' => 
  array (
    0 => 'admin',
    1 => 'undefinedcss',
    2 => 'modules',
  ),
)
[ info ] [ HEADER ] array (
  'cookie' => 'Webstorm-4eb8b3=57b0db99-672f-4b1b-b1ea-0a1029c84255; pgv_pvi=4980935680; PHPSESSID=5tdj3iqsmee54e9140ssji4i85; Cauthor=4bccbd74cb6f1cbfe5d3d1b5e49dfe66',
  'accept-language' => 'en-US,en;q=0.9,zh-CN;q=0.8,zh;q=0.7',
  'accept-encoding' => 'gzip, deflate, br',
  'referer' => 'http://localhost/admin.php/Staffopt',
  'accept' => 'text/css,*/*;q=0.1',
  'user-agent' => 'Mozilla/5.0 (Windows NT 10.0; Win64; x64) AppleWebKit/537.36 (KHTML, like Gecko) Chrome/75.0.3770.100 Safari/537.36',
  'connection' => 'close',
  'host' => 'localhost',
)
[ info ] [ PARAM ] array (
  'v' => '3.0.3303',
  'layer' => 'default',
)
[ info ] [ LOG ] INIT File
---------------------------------------------------------------
[ 2019-06-24T21:40:52+08:00 ] 0.0.0.0 GET localhost/admin.php/Staffopt/queryall
[运行时间：0.066381s] [吞吐率：15.06req/s] [内存消耗：1,992.55kb] [文件加载：49]
[ info ] [ LANG ] D:\phpstudy\WWW\php_web\thinkphp\lang\zh-cn.php
[ info ] [ BIND ] 'admin'
[ info ] [ ROUTE ] array (
  'type' => 'module',
  'module' => 
  array (
    0 => 'admin',
    1 => 'Staffopt',
    2 => 'queryall',
  ),
)
[ info ] [ HEADER ] array (
  'cookie' => 'Webstorm-4eb8b3=57b0db99-672f-4b1b-b1ea-0a1029c84255; pgv_pvi=4980935680; PHPSESSID=5tdj3iqsmee54e9140ssji4i85; Cauthor=4bccbd74cb6f1cbfe5d3d1b5e49dfe66',
  'accept-language' => 'en-US,en;q=0.9,zh-CN;q=0.8,zh;q=0.7',
  'accept-encoding' => 'gzip, deflate, br',
  'referer' => 'http://localhost/admin.php/Staffopt',
  'accept' => 'text/html,application/xhtml+xml,application/xml;q=0.9,image/webp,image/apng,*/*;q=0.8,application/signed-exchange;v=b3',
  'user-agent' => 'Mozilla/5.0 (Windows NT 10.0; Win64; x64) AppleWebKit/537.36 (KHTML, like Gecko) Chrome/75.0.3770.100 Safari/537.36',
  'upgrade-insecure-requests' => '1',
  'connection' => 'close',
  'host' => 'localhost',
)
[ info ] [ PARAM ] array (
)
[ info ] [ RUN ] app\admin\controller\Staffopt->queryall[ D:\phpstudy\WWW\php_web\app\admin\controller\Staffopt.php ]
[ info ] [ SESSION ] INIT array (
  'id' => '',
  'var_session_id' => '',
  'prefix' => 'think',
  'type' => '',
  'auto_start' => true,
  'httponly' => true,
  'secure' => false,
)
[ info ] [ DB ] INIT mysql
[ info ] [ VIEW ] D:\phpstudy\WWW\php_web\public/../app/admin\view\index\staff_opt.html [ array (
  0 => 'puser',
) ]
[ info ] [ LOG ] INIT File
---------------------------------------------------------------
[ 2019-06-24T21:40:52+08:00 ] 0.0.0.0 GET localhost/admin.php/Staffopt/undefinedcss/modules/layer/default/layer.css?v=3.0.3303
[运行时间：0.030406s] [吞吐率：32.89req/s] [内存消耗：1,332.87kb] [文件加载：43]
[ info ] [ LANG ] D:\phpstudy\WWW\php_web\thinkphp\lang\zh-cn.php
[ info ] [ BIND ] 'admin'
[ info ] [ ROUTE ] array (
  'type' => 'module',
  'module' => 
  array (
    0 => 'admin',
    1 => 'Staffopt',
    2 => 'undefinedcss',
  ),
)
[ info ] [ HEADER ] array (
  'cookie' => 'Webstorm-4eb8b3=57b0db99-672f-4b1b-b1ea-0a1029c84255; pgv_pvi=4980935680; PHPSESSID=5tdj3iqsmee54e9140ssji4i85; Cauthor=4bccbd74cb6f1cbfe5d3d1b5e49dfe66',
  'accept-language' => 'en-US,en;q=0.9,zh-CN;q=0.8,zh;q=0.7',
  'accept-encoding' => 'gzip, deflate, br',
  'referer' => 'http://localhost/admin.php/Staffopt/queryall',
  'accept' => 'text/css,*/*;q=0.1',
  'user-agent' => 'Mozilla/5.0 (Windows NT 10.0; Win64; x64) AppleWebKit/537.36 (KHTML, like Gecko) Chrome/75.0.3770.100 Safari/537.36',
  'connection' => 'close',
  'host' => 'localhost',
)
[ info ] [ PARAM ] array (
  'v' => '3.0.3303',
  'modules' => 'layer',
  'default' => 'layer.css',
)
[ info ] [ LOG ] INIT File
---------------------------------------------------------------
[ 2019-06-24T21:41:14+08:00 ] 0.0.0.0 GET localhost/admin.php/Staffopt/delete?id=7.html
[运行时间：0.063328s] [吞吐率：15.79req/s] [内存消耗：2,063.60kb] [文件加载：52]
[ info ] [ LANG ] D:\phpstudy\WWW\php_web\thinkphp\lang\zh-cn.php
[ info ] [ BIND ] 'admin'
[ info ] [ ROUTE ] array (
  'type' => 'module',
  'module' => 
  array (
    0 => 'admin',
    1 => 'Staffopt',
    2 => 'delete',
  ),
)
[ info ] [ HEADER ] array (
  'cookie' => 'Webstorm-4eb8b3=57b0db99-672f-4b1b-b1ea-0a1029c84255; pgv_pvi=4980935680; PHPSESSID=5tdj3iqsmee54e9140ssji4i85; Cauthor=4bccbd74cb6f1cbfe5d3d1b5e49dfe66',
  'accept-language' => 'en-US,en;q=0.9,zh-CN;q=0.8,zh;q=0.7',
  'accept-encoding' => 'gzip, deflate, br',
  'referer' => 'http://localhost/admin.php/Staffopt/queryall',
  'accept' => 'text/html,application/xhtml+xml,application/xml;q=0.9,image/webp,image/apng,*/*;q=0.8,application/signed-exchange;v=b3',
  'user-agent' => 'Mozilla/5.0 (Windows NT 10.0; Win64; x64) AppleWebKit/537.36 (KHTML, like Gecko) Chrome/75.0.3770.100 Safari/537.36',
  'upgrade-insecure-requests' => '1',
  'connection' => 'close',
  'host' => 'localhost',
)
[ info ] [ PARAM ] array (
  'id' => '7.html',
)
[ info ] [ RUN ] app\admin\controller\Staffopt->delete[ D:\phpstudy\WWW\php_web\app\admin\controller\Staffopt.php ]
[ info ] [ SESSION ] INIT array (
  'id' => '',
  'var_session_id' => '',
  'prefix' => 'think',
  'type' => '',
  'auto_start' => true,
  'httponly' => true,
  'secure' => false,
)
[ info ] [ DB ] INIT mysql
[ info ] [ CACHE ] INIT File
[ info ] [ VIEW ] D:\phpstudy\WWW\php_web\public/../app/admin\view\index\staff_opt.html [ array (
  0 => 'puser',
) ]
[ info ] [ LOG ] INIT File
---------------------------------------------------------------
[ 2019-06-24T21:41:14+08:00 ] 0.0.0.0 GET localhost/admin.php/Staffopt/undefinedcss/modules/layer/default/layer.css?v=3.0.3303
[运行时间：0.032315s] [吞吐率：30.95req/s] [内存消耗：1,332.91kb] [文件加载：43]
[ info ] [ LANG ] D:\phpstudy\WWW\php_web\thinkphp\lang\zh-cn.php
[ info ] [ BIND ] 'admin'
[ info ] [ ROUTE ] array (
  'type' => 'module',
  'module' => 
  array (
    0 => 'admin',
    1 => 'Staffopt',
    2 => 'undefinedcss',
  ),
)
[ info ] [ HEADER ] array (
  'cookie' => 'Webstorm-4eb8b3=57b0db99-672f-4b1b-b1ea-0a1029c84255; pgv_pvi=4980935680; PHPSESSID=5tdj3iqsmee54e9140ssji4i85; Cauthor=4bccbd74cb6f1cbfe5d3d1b5e49dfe66',
  'accept-language' => 'en-US,en;q=0.9,zh-CN;q=0.8,zh;q=0.7',
  'accept-encoding' => 'gzip, deflate, br',
  'referer' => 'http://localhost/admin.php/Staffopt/delete?id=7.html',
  'accept' => 'text/css,*/*;q=0.1',
  'user-agent' => 'Mozilla/5.0 (Windows NT 10.0; Win64; x64) AppleWebKit/537.36 (KHTML, like Gecko) Chrome/75.0.3770.100 Safari/537.36',
  'connection' => 'close',
  'host' => 'localhost',
)
[ info ] [ PARAM ] array (
  'v' => '3.0.3303',
  'modules' => 'layer',
  'default' => 'layer.css',
)
[ info ] [ LOG ] INIT File
---------------------------------------------------------------
[ 2019-06-24T21:41:15+08:00 ] 0.0.0.0 GET localhost/admin.php/Departopt
[运行时间：0.037660s] [吞吐率：26.55req/s] [内存消耗：1,353.98kb] [文件加载：43]
[ info ] [ LANG ] D:\phpstudy\WWW\php_web\thinkphp\lang\zh-cn.php
[ info ] [ BIND ] 'admin'
[ info ] [ ROUTE ] array (
  'type' => 'module',
  'module' => 
  array (
    0 => 'admin',
    1 => 'Departopt',
    2 => NULL,
  ),
)
[ info ] [ HEADER ] array (
  'cookie' => 'Webstorm-4eb8b3=57b0db99-672f-4b1b-b1ea-0a1029c84255; pgv_pvi=4980935680; PHPSESSID=5tdj3iqsmee54e9140ssji4i85; Cauthor=4bccbd74cb6f1cbfe5d3d1b5e49dfe66',
  'accept-language' => 'en-US,en;q=0.9,zh-CN;q=0.8,zh;q=0.7',
  'accept-encoding' => 'gzip, deflate, br',
  'referer' => 'http://localhost/admin.php/Staffopt/delete?id=7.html',
  'accept' => 'text/html,application/xhtml+xml,application/xml;q=0.9,image/webp,image/apng,*/*;q=0.8,application/signed-exchange;v=b3',
  'user-agent' => 'Mozilla/5.0 (Windows NT 10.0; Win64; x64) AppleWebKit/537.36 (KHTML, like Gecko) Chrome/75.0.3770.100 Safari/537.36',
  'upgrade-insecure-requests' => '1',
  'connection' => 'close',
  'host' => 'localhost',
)
[ info ] [ PARAM ] array (
)
[ info ] [ RUN ] app\admin\controller\Departopt->index[ D:\phpstudy\WWW\php_web\app\admin\controller\Departopt.php ]
[ info ] [ SESSION ] INIT array (
  'id' => '',
  'var_session_id' => '',
  'prefix' => 'think',
  'type' => '',
  'auto_start' => true,
  'httponly' => true,
  'secure' => false,
)
[ info ] [ VIEW ] D:\phpstudy\WWW\php_web\public/../app/admin\view\index\depart_opt.html [ array (
  0 => 'depart',
) ]
[ info ] [ LOG ] INIT File
---------------------------------------------------------------
[ 2019-06-24T21:41:15+08:00 ] 0.0.0.0 GET localhost/admin.php/undefinedcss/modules/layer/default/layer.css?v=3.0.3303
[运行时间：0.027798s] [吞吐率：35.97req/s] [内存消耗：1,104.38kb] [文件加载：37]
[ info ] [ LANG ] D:\phpstudy\WWW\php_web\thinkphp\lang\zh-cn.php
[ info ] [ BIND ] 'admin'
[ info ] [ ROUTE ] array (
  'type' => 'module',
  'module' => 
  array (
    0 => 'admin',
    1 => 'undefinedcss',
    2 => 'modules',
  ),
)
[ info ] [ HEADER ] array (
  'cookie' => 'Webstorm-4eb8b3=57b0db99-672f-4b1b-b1ea-0a1029c84255; pgv_pvi=4980935680; PHPSESSID=5tdj3iqsmee54e9140ssji4i85; Cauthor=4bccbd74cb6f1cbfe5d3d1b5e49dfe66',
  'accept-language' => 'en-US,en;q=0.9,zh-CN;q=0.8,zh;q=0.7',
  'accept-encoding' => 'gzip, deflate, br',
  'referer' => 'http://localhost/admin.php/Departopt',
  'accept' => 'text/css,*/*;q=0.1',
  'user-agent' => 'Mozilla/5.0 (Windows NT 10.0; Win64; x64) AppleWebKit/537.36 (KHTML, like Gecko) Chrome/75.0.3770.100 Safari/537.36',
  'connection' => 'close',
  'host' => 'localhost',
)
[ info ] [ PARAM ] array (
  'v' => '3.0.3303',
  'layer' => 'default',
)
[ info ] [ LOG ] INIT File
---------------------------------------------------------------
[ 2019-06-24T21:41:16+08:00 ] 0.0.0.0 GET localhost/admin.php/Departopt/queryall
[运行时间：0.092791s] [吞吐率：10.78req/s] [内存消耗：1,973.66kb] [文件加载：50]
[ info ] [ LANG ] D:\phpstudy\WWW\php_web\thinkphp\lang\zh-cn.php
[ info ] [ BIND ] 'admin'
[ info ] [ ROUTE ] array (
  'type' => 'module',
  'module' => 
  array (
    0 => 'admin',
    1 => 'Departopt',
    2 => 'queryall',
  ),
)
[ info ] [ HEADER ] array (
  'cookie' => 'Webstorm-4eb8b3=57b0db99-672f-4b1b-b1ea-0a1029c84255; pgv_pvi=4980935680; PHPSESSID=5tdj3iqsmee54e9140ssji4i85; Cauthor=4bccbd74cb6f1cbfe5d3d1b5e49dfe66',
  'accept-language' => 'en-US,en;q=0.9,zh-CN;q=0.8,zh;q=0.7',
  'accept-encoding' => 'gzip, deflate, br',
  'referer' => 'http://localhost/admin.php/Departopt',
  'accept' => 'text/html,application/xhtml+xml,application/xml;q=0.9,image/webp,image/apng,*/*;q=0.8,application/signed-exchange;v=b3',
  'user-agent' => 'Mozilla/5.0 (Windows NT 10.0; Win64; x64) AppleWebKit/537.36 (KHTML, like Gecko) Chrome/75.0.3770.100 Safari/537.36',
  'upgrade-insecure-requests' => '1',
  'connection' => 'close',
  'host' => 'localhost',
)
[ info ] [ PARAM ] array (
)
[ info ] [ RUN ] app\admin\controller\Departopt->queryall[ D:\phpstudy\WWW\php_web\app\admin\controller\Departopt.php ]
[ info ] [ SESSION ] INIT array (
  'id' => '',
  'var_session_id' => '',
  'prefix' => 'think',
  'type' => '',
  'auto_start' => true,
  'httponly' => true,
  'secure' => false,
)
[ info ] [ DB ] INIT mysql
[ info ] [ VIEW ] D:\phpstudy\WWW\php_web\public/../app/admin\view\index\depart_opt.html [ array (
  0 => 'depart',
) ]
[ info ] [ LOG ] INIT File
---------------------------------------------------------------
[ 2019-06-24T21:41:16+08:00 ] 0.0.0.0 GET localhost/admin.php/Departopt/undefinedcss/modules/layer/default/layer.css?v=3.0.3303
[运行时间：0.028595s] [吞吐率：34.97req/s] [内存消耗：1,339.95kb] [文件加载：43]
[ info ] [ LANG ] D:\phpstudy\WWW\php_web\thinkphp\lang\zh-cn.php
[ info ] [ BIND ] 'admin'
[ info ] [ ROUTE ] array (
  'type' => 'module',
  'module' => 
  array (
    0 => 'admin',
    1 => 'Departopt',
    2 => 'undefinedcss',
  ),
)
[ info ] [ HEADER ] array (
  'cookie' => 'Webstorm-4eb8b3=57b0db99-672f-4b1b-b1ea-0a1029c84255; pgv_pvi=4980935680; PHPSESSID=5tdj3iqsmee54e9140ssji4i85; Cauthor=4bccbd74cb6f1cbfe5d3d1b5e49dfe66',
  'accept-language' => 'en-US,en;q=0.9,zh-CN;q=0.8,zh;q=0.7',
  'accept-encoding' => 'gzip, deflate, br',
  'referer' => 'http://localhost/admin.php/Departopt/queryall',
  'accept' => 'text/css,*/*;q=0.1',
  'user-agent' => 'Mozilla/5.0 (Windows NT 10.0; Win64; x64) AppleWebKit/537.36 (KHTML, like Gecko) Chrome/75.0.3770.100 Safari/537.36',
  'connection' => 'close',
  'host' => 'localhost',
)
[ info ] [ PARAM ] array (
  'v' => '3.0.3303',
  'modules' => 'layer',
  'default' => 'layer.css',
)
[ info ] [ LOG ] INIT File
---------------------------------------------------------------
[ 2019-06-24T21:41:39+08:00 ] 0.0.0.0 GET localhost/admin.php/Staffopt
[运行时间：0.037961s] [吞吐率：26.34req/s] [内存消耗：1,346.91kb] [文件加载：43]
[ info ] [ LANG ] D:\phpstudy\WWW\php_web\thinkphp\lang\zh-cn.php
[ info ] [ BIND ] 'admin'
[ info ] [ ROUTE ] array (
  'type' => 'module',
  'module' => 
  array (
    0 => 'admin',
    1 => 'Staffopt',
    2 => NULL,
  ),
)
[ info ] [ HEADER ] array (
  'cookie' => 'Webstorm-4eb8b3=57b0db99-672f-4b1b-b1ea-0a1029c84255; pgv_pvi=4980935680; PHPSESSID=5tdj3iqsmee54e9140ssji4i85; Cauthor=4bccbd74cb6f1cbfe5d3d1b5e49dfe66',
  'accept-language' => 'en-US,en;q=0.9,zh-CN;q=0.8,zh;q=0.7',
  'accept-encoding' => 'gzip, deflate, br',
  'referer' => 'http://localhost/admin.php/Departopt/queryall',
  'accept' => 'text/html,application/xhtml+xml,application/xml;q=0.9,image/webp,image/apng,*/*;q=0.8,application/signed-exchange;v=b3',
  'user-agent' => 'Mozilla/5.0 (Windows NT 10.0; Win64; x64) AppleWebKit/537.36 (KHTML, like Gecko) Chrome/75.0.3770.100 Safari/537.36',
  'upgrade-insecure-requests' => '1',
  'connection' => 'close',
  'host' => 'localhost',
)
[ info ] [ PARAM ] array (
)
[ info ] [ RUN ] app\admin\controller\Staffopt->index[ D:\phpstudy\WWW\php_web\app\admin\controller\Staffopt.php ]
[ info ] [ SESSION ] INIT array (
  'id' => '',
  'var_session_id' => '',
  'prefix' => 'think',
  'type' => '',
  'auto_start' => true,
  'httponly' => true,
  'secure' => false,
)
[ info ] [ VIEW ] D:\phpstudy\WWW\php_web\public/../app/admin\view\index\staff_opt.html [ array (
  0 => 'puser',
) ]
[ info ] [ LOG ] INIT File
---------------------------------------------------------------
[ 2019-06-24T21:41:39+08:00 ] 0.0.0.0 GET localhost/admin.php/undefinedcss/modules/layer/default/layer.css?v=3.0.3303
[运行时间：0.029691s] [吞吐率：33.68req/s] [内存消耗：1,104.36kb] [文件加载：37]
[ info ] [ LANG ] D:\phpstudy\WWW\php_web\thinkphp\lang\zh-cn.php
[ info ] [ BIND ] 'admin'
[ info ] [ ROUTE ] array (
  'type' => 'module',
  'module' => 
  array (
    0 => 'admin',
    1 => 'undefinedcss',
    2 => 'modules',
  ),
)
[ info ] [ HEADER ] array (
  'cookie' => 'Webstorm-4eb8b3=57b0db99-672f-4b1b-b1ea-0a1029c84255; pgv_pvi=4980935680; PHPSESSID=5tdj3iqsmee54e9140ssji4i85; Cauthor=4bccbd74cb6f1cbfe5d3d1b5e49dfe66',
  'accept-language' => 'en-US,en;q=0.9,zh-CN;q=0.8,zh;q=0.7',
  'accept-encoding' => 'gzip, deflate, br',
  'referer' => 'http://localhost/admin.php/Staffopt',
  'accept' => 'text/css,*/*;q=0.1',
  'user-agent' => 'Mozilla/5.0 (Windows NT 10.0; Win64; x64) AppleWebKit/537.36 (KHTML, like Gecko) Chrome/75.0.3770.100 Safari/537.36',
  'connection' => 'close',
  'host' => 'localhost',
)
[ info ] [ PARAM ] array (
  'v' => '3.0.3303',
  'layer' => 'default',
)
[ info ] [ LOG ] INIT File
---------------------------------------------------------------
[ 2019-06-24T21:47:00+08:00 ] 0.0.0.0 GET localhost/admin.php/Staffopt/queryall
[运行时间：0.075977s] [吞吐率：13.16req/s] [内存消耗：1,990.90kb] [文件加载：49]
[ info ] [ LANG ] D:\phpstudy\WWW\php_web\thinkphp\lang\zh-cn.php
[ info ] [ BIND ] 'admin'
[ info ] [ ROUTE ] array (
  'type' => 'module',
  'module' => 
  array (
    0 => 'admin',
    1 => 'Staffopt',
    2 => 'queryall',
  ),
)
[ info ] [ HEADER ] array (
  'cookie' => 'Webstorm-4eb8b3=57b0db99-672f-4b1b-b1ea-0a1029c84255; pgv_pvi=4980935680; PHPSESSID=5tdj3iqsmee54e9140ssji4i85; Cauthor=4bccbd74cb6f1cbfe5d3d1b5e49dfe66',
  'accept-language' => 'en-US,en;q=0.9,zh-CN;q=0.8,zh;q=0.7',
  'accept-encoding' => 'gzip, deflate, br',
  'referer' => 'http://localhost/admin.php/Staffopt',
  'accept' => 'text/html,application/xhtml+xml,application/xml;q=0.9,image/webp,image/apng,*/*;q=0.8,application/signed-exchange;v=b3',
  'user-agent' => 'Mozilla/5.0 (Windows NT 10.0; Win64; x64) AppleWebKit/537.36 (KHTML, like Gecko) Chrome/75.0.3770.100 Safari/537.36',
  'upgrade-insecure-requests' => '1',
  'connection' => 'close',
  'host' => 'localhost',
)
[ info ] [ PARAM ] array (
)
[ info ] [ RUN ] app\admin\controller\Staffopt->queryall[ D:\phpstudy\WWW\php_web\app\admin\controller\Staffopt.php ]
[ info ] [ SESSION ] INIT array (
  'id' => '',
  'var_session_id' => '',
  'prefix' => 'think',
  'type' => '',
  'auto_start' => true,
  'httponly' => true,
  'secure' => false,
)
[ info ] [ DB ] INIT mysql
[ info ] [ VIEW ] D:\phpstudy\WWW\php_web\public/../app/admin\view\index\staff_opt.html [ array (
  0 => 'puser',
) ]
[ info ] [ LOG ] INIT File
---------------------------------------------------------------
[ 2019-06-24T21:47:00+08:00 ] 0.0.0.0 GET localhost/admin.php/Staffopt/undefinedcss/modules/layer/default/layer.css?v=3.0.3303
[运行时间：0.028208s] [吞吐率：35.45req/s] [内存消耗：1,332.87kb] [文件加载：43]
[ info ] [ LANG ] D:\phpstudy\WWW\php_web\thinkphp\lang\zh-cn.php
[ info ] [ BIND ] 'admin'
[ info ] [ ROUTE ] array (
  'type' => 'module',
  'module' => 
  array (
    0 => 'admin',
    1 => 'Staffopt',
    2 => 'undefinedcss',
  ),
)
[ info ] [ HEADER ] array (
  'cookie' => 'Webstorm-4eb8b3=57b0db99-672f-4b1b-b1ea-0a1029c84255; pgv_pvi=4980935680; PHPSESSID=5tdj3iqsmee54e9140ssji4i85; Cauthor=4bccbd74cb6f1cbfe5d3d1b5e49dfe66',
  'accept-language' => 'en-US,en;q=0.9,zh-CN;q=0.8,zh;q=0.7',
  'accept-encoding' => 'gzip, deflate, br',
  'referer' => 'http://localhost/admin.php/Staffopt/queryall',
  'accept' => 'text/css,*/*;q=0.1',
  'user-agent' => 'Mozilla/5.0 (Windows NT 10.0; Win64; x64) AppleWebKit/537.36 (KHTML, like Gecko) Chrome/75.0.3770.100 Safari/537.36',
  'connection' => 'close',
  'host' => 'localhost',
)
[ info ] [ PARAM ] array (
  'v' => '3.0.3303',
  'modules' => 'layer',
  'default' => 'layer.css',
)
[ info ] [ LOG ] INIT File
---------------------------------------------------------------
[ 2019-06-24T21:47:03+08:00 ] 0.0.0.0 GET localhost/admin.php/Employ
[运行时间：0.075281s] [吞吐率：13.28req/s] [内存消耗：1,962.12kb] [文件加载：49]
[ info ] [ LANG ] D:\phpstudy\WWW\php_web\thinkphp\lang\zh-cn.php
[ info ] [ BIND ] 'admin'
[ info ] [ ROUTE ] array (
  'type' => 'module',
  'module' => 
  array (
    0 => 'admin',
    1 => 'Employ',
    2 => NULL,
  ),
)
[ info ] [ HEADER ] array (
  'cookie' => 'Webstorm-4eb8b3=57b0db99-672f-4b1b-b1ea-0a1029c84255; pgv_pvi=4980935680; PHPSESSID=5tdj3iqsmee54e9140ssji4i85; Cauthor=4bccbd74cb6f1cbfe5d3d1b5e49dfe66',
  'accept-language' => 'en-US,en;q=0.9,zh-CN;q=0.8,zh;q=0.7',
  'accept-encoding' => 'gzip, deflate, br',
  'referer' => 'http://localhost/admin.php/Staffopt/queryall',
  'accept' => 'text/html,application/xhtml+xml,application/xml;q=0.9,image/webp,image/apng,*/*;q=0.8,application/signed-exchange;v=b3',
  'user-agent' => 'Mozilla/5.0 (Windows NT 10.0; Win64; x64) AppleWebKit/537.36 (KHTML, like Gecko) Chrome/75.0.3770.100 Safari/537.36',
  'upgrade-insecure-requests' => '1',
  'connection' => 'close',
  'host' => 'localhost',
)
[ info ] [ PARAM ] array (
)
[ info ] [ RUN ] app\admin\controller\Employ->index[ D:\phpstudy\WWW\php_web\app\admin\controller\Employ.php ]
[ info ] [ SESSION ] INIT array (
  'id' => '',
  'var_session_id' => '',
  'prefix' => 'think',
  'type' => '',
  'auto_start' => true,
  'httponly' => true,
  'secure' => false,
)
[ info ] [ DB ] INIT mysql
[ info ] [ VIEW ] D:\phpstudy\WWW\php_web\public/../app/admin\view\index\employ.html [ array (
  0 => 'recruit',
) ]
[ info ] [ LOG ] INIT File
---------------------------------------------------------------
[ 2019-06-24T21:47:04+08:00 ] 0.0.0.0 GET localhost/admin.php/undefinedcss/modules/layer/default/layer.css?v=3.0.3303
[运行时间：0.024084s] [吞吐率：41.52req/s] [内存消耗：1,104.35kb] [文件加载：37]
[ info ] [ LANG ] D:\phpstudy\WWW\php_web\thinkphp\lang\zh-cn.php
[ info ] [ BIND ] 'admin'
[ info ] [ ROUTE ] array (
  'type' => 'module',
  'module' => 
  array (
    0 => 'admin',
    1 => 'undefinedcss',
    2 => 'modules',
  ),
)
[ info ] [ HEADER ] array (
  'cookie' => 'Webstorm-4eb8b3=57b0db99-672f-4b1b-b1ea-0a1029c84255; pgv_pvi=4980935680; PHPSESSID=5tdj3iqsmee54e9140ssji4i85; Cauthor=4bccbd74cb6f1cbfe5d3d1b5e49dfe66',
  'accept-language' => 'en-US,en;q=0.9,zh-CN;q=0.8,zh;q=0.7',
  'accept-encoding' => 'gzip, deflate, br',
  'referer' => 'http://localhost/admin.php/Employ',
  'accept' => 'text/css,*/*;q=0.1',
  'user-agent' => 'Mozilla/5.0 (Windows NT 10.0; Win64; x64) AppleWebKit/537.36 (KHTML, like Gecko) Chrome/75.0.3770.100 Safari/537.36',
  'connection' => 'close',
  'host' => 'localhost',
)
[ info ] [ PARAM ] array (
  'v' => '3.0.3303',
  'layer' => 'default',
)
[ info ] [ LOG ] INIT File
---------------------------------------------------------------
[ 2019-06-24T21:47:05+08:00 ] 0.0.0.0 GET localhost/admin.php/Employ/display_?id=17.html
[运行时间：0.116604s] [吞吐率：8.58req/s] [内存消耗：1,961.75kb] [文件加载：49]
[ info ] [ LANG ] D:\phpstudy\WWW\php_web\thinkphp\lang\zh-cn.php
[ info ] [ BIND ] 'admin'
[ info ] [ ROUTE ] array (
  'type' => 'module',
  'module' => 
  array (
    0 => 'admin',
    1 => 'Employ',
    2 => 'display_',
  ),
)
[ info ] [ HEADER ] array (
  'cookie' => 'Webstorm-4eb8b3=57b0db99-672f-4b1b-b1ea-0a1029c84255; pgv_pvi=4980935680; PHPSESSID=5tdj3iqsmee54e9140ssji4i85; Cauthor=4bccbd74cb6f1cbfe5d3d1b5e49dfe66',
  'accept-language' => 'en-US,en;q=0.9,zh-CN;q=0.8,zh;q=0.7',
  'accept-encoding' => 'gzip, deflate, br',
  'referer' => 'http://localhost/admin.php/Employ',
  'accept' => 'text/html,application/xhtml+xml,application/xml;q=0.9,image/webp,image/apng,*/*;q=0.8,application/signed-exchange;v=b3',
  'user-agent' => 'Mozilla/5.0 (Windows NT 10.0; Win64; x64) AppleWebKit/537.36 (KHTML, like Gecko) Chrome/75.0.3770.100 Safari/537.36',
  'upgrade-insecure-requests' => '1',
  'connection' => 'close',
  'host' => 'localhost',
)
[ info ] [ PARAM ] array (
  'id' => '17.html',
)
[ info ] [ RUN ] app\admin\controller\Employ->display_[ D:\phpstudy\WWW\php_web\app\admin\controller\Employ.php ]
[ info ] [ SESSION ] INIT array (
  'id' => '',
  'var_session_id' => '',
  'prefix' => 'think',
  'type' => '',
  'auto_start' => true,
  'httponly' => true,
  'secure' => false,
)
[ info ] [ DB ] INIT mysql
[ info ] [ VIEW ] D:\phpstudy\WWW\php_web\public/../app/admin\view\index\employ_add.html [ array (
  0 => 'no',
  1 => 'name',
  2 => 'sex',
  3 => 'phone',
  4 => 'hopedepart',
  5 => 'birthday',
  6 => 'hopemoney',
  7 => 'content',
  8 => 'departnames',
) ]
[ info ] [ LOG ] INIT File
---------------------------------------------------------------
[ 2019-06-24T21:52:08+08:00 ] 0.0.0.0 GET localhost/admin.php/Employ
[运行时间：0.104549s] [吞吐率：9.56req/s] [内存消耗：1,962.20kb] [文件加载：49]
[ info ] [ LANG ] D:\phpstudy\WWW\php_web\thinkphp\lang\zh-cn.php
[ info ] [ BIND ] 'admin'
[ info ] [ ROUTE ] array (
  'type' => 'module',
  'module' => 
  array (
    0 => 'admin',
    1 => 'Employ',
    2 => NULL,
  ),
)
[ info ] [ HEADER ] array (
  'cookie' => 'Webstorm-4eb8b3=57b0db99-672f-4b1b-b1ea-0a1029c84255; pgv_pvi=4980935680; PHPSESSID=5tdj3iqsmee54e9140ssji4i85; Cauthor=4bccbd74cb6f1cbfe5d3d1b5e49dfe66',
  'accept-language' => 'en-US,en;q=0.9,zh-CN;q=0.8,zh;q=0.7',
  'accept-encoding' => 'gzip, deflate, br',
  'referer' => 'http://localhost/admin.php/Employ',
  'accept' => 'text/html,application/xhtml+xml,application/xml;q=0.9,image/webp,image/apng,*/*;q=0.8,application/signed-exchange;v=b3',
  'user-agent' => 'Mozilla/5.0 (Windows NT 10.0; Win64; x64) AppleWebKit/537.36 (KHTML, like Gecko) Chrome/75.0.3770.100 Safari/537.36',
  'upgrade-insecure-requests' => '1',
  'cache-control' => 'max-age=0',
  'connection' => 'close',
  'host' => 'localhost',
)
[ info ] [ PARAM ] array (
)
[ info ] [ RUN ] app\admin\controller\Employ->index[ D:\phpstudy\WWW\php_web\app\admin\controller\Employ.php ]
[ info ] [ SESSION ] INIT array (
  'id' => '',
  'var_session_id' => '',
  'prefix' => 'think',
  'type' => '',
  'auto_start' => true,
  'httponly' => true,
  'secure' => false,
)
[ info ] [ DB ] INIT mysql
[ info ] [ VIEW ] D:\phpstudy\WWW\php_web\public/../app/admin\view\index\employ.html [ array (
  0 => 'recruit',
) ]
[ info ] [ LOG ] INIT File
---------------------------------------------------------------
[ 2019-06-24T21:52:08+08:00 ] 0.0.0.0 GET localhost/admin.php/undefinedcss/modules/layer/default/layer.css?v=3.0.3303
[运行时间：0.029384s] [吞吐率：34.03req/s] [内存消耗：1,104.35kb] [文件加载：37]
[ info ] [ LANG ] D:\phpstudy\WWW\php_web\thinkphp\lang\zh-cn.php
[ info ] [ BIND ] 'admin'
[ info ] [ ROUTE ] array (
  'type' => 'module',
  'module' => 
  array (
    0 => 'admin',
    1 => 'undefinedcss',
    2 => 'modules',
  ),
)
[ info ] [ HEADER ] array (
  'cookie' => 'Webstorm-4eb8b3=57b0db99-672f-4b1b-b1ea-0a1029c84255; pgv_pvi=4980935680; PHPSESSID=5tdj3iqsmee54e9140ssji4i85; Cauthor=4bccbd74cb6f1cbfe5d3d1b5e49dfe66',
  'accept-language' => 'en-US,en;q=0.9,zh-CN;q=0.8,zh;q=0.7',
  'accept-encoding' => 'gzip, deflate, br',
  'referer' => 'http://localhost/admin.php/Employ',
  'accept' => 'text/css,*/*;q=0.1',
  'user-agent' => 'Mozilla/5.0 (Windows NT 10.0; Win64; x64) AppleWebKit/537.36 (KHTML, like Gecko) Chrome/75.0.3770.100 Safari/537.36',
  'connection' => 'close',
  'host' => 'localhost',
)
[ info ] [ PARAM ] array (
  'v' => '3.0.3303',
  'layer' => 'default',
)
[ info ] [ LOG ] INIT File
---------------------------------------------------------------
[ 2019-06-24T21:52:29+08:00 ] 0.0.0.0 GET localhost/admin.php/index.html
[运行时间：0.025117s] [吞吐率：39.81req/s] [内存消耗：1,334.86kb] [文件加载：43]
[ info ] [ LANG ] D:\phpstudy\WWW\php_web\thinkphp\lang\zh-cn.php
[ info ] [ BIND ] 'admin'
[ info ] [ ROUTE ] array (
  'type' => 'module',
  'module' => 
  array (
    0 => 'admin',
    1 => 'index',
    2 => NULL,
  ),
)
[ info ] [ HEADER ] array (
  'cookie' => 'Webstorm-4eb8b3=57b0db99-672f-4b1b-b1ea-0a1029c84255; pgv_pvi=4980935680; PHPSESSID=5tdj3iqsmee54e9140ssji4i85; Cauthor=4bccbd74cb6f1cbfe5d3d1b5e49dfe66',
  'accept-language' => 'en-US,en;q=0.9,zh-CN;q=0.8,zh;q=0.7',
  'accept-encoding' => 'gzip, deflate, br',
  'referer' => 'http://localhost/admin.php/Employ',
  'accept' => 'text/html,application/xhtml+xml,application/xml;q=0.9,image/webp,image/apng,*/*;q=0.8,application/signed-exchange;v=b3',
  'user-agent' => 'Mozilla/5.0 (Windows NT 10.0; Win64; x64) AppleWebKit/537.36 (KHTML, like Gecko) Chrome/75.0.3770.100 Safari/537.36',
  'upgrade-insecure-requests' => '1',
  'connection' => 'close',
  'host' => 'localhost',
)
[ info ] [ PARAM ] array (
)
[ info ] [ RUN ] app\admin\controller\Index->index[ D:\phpstudy\WWW\php_web\app\admin\controller\Index.php ]
[ info ] [ SESSION ] INIT array (
  'id' => '',
  'var_session_id' => '',
  'prefix' => 'think',
  'type' => '',
  'auto_start' => true,
  'httponly' => true,
  'secure' => false,
)
[ info ] [ VIEW ] D:\phpstudy\WWW\php_web\public/../app/admin\view\index\index.html [ array (
) ]
[ info ] [ LOG ] INIT File
---------------------------------------------------------------
[ 2019-06-24T21:52:29+08:00 ] 0.0.0.0 GET localhost/admin.php/Jobmodify
[运行时间：0.028505s] [吞吐率：35.08req/s] [内存消耗：1,355.69kb] [文件加载：43]
[ info ] [ LANG ] D:\phpstudy\WWW\php_web\thinkphp\lang\zh-cn.php
[ info ] [ BIND ] 'admin'
[ info ] [ ROUTE ] array (
  'type' => 'module',
  'module' => 
  array (
    0 => 'admin',
    1 => 'Jobmodify',
    2 => NULL,
  ),
)
[ info ] [ HEADER ] array (
  'cookie' => 'Webstorm-4eb8b3=57b0db99-672f-4b1b-b1ea-0a1029c84255; pgv_pvi=4980935680; PHPSESSID=5tdj3iqsmee54e9140ssji4i85; Cauthor=4bccbd74cb6f1cbfe5d3d1b5e49dfe66',
  'accept-language' => 'en-US,en;q=0.9,zh-CN;q=0.8,zh;q=0.7',
  'accept-encoding' => 'gzip, deflate, br',
  'referer' => 'http://localhost/admin.php/index.html',
  'accept' => 'text/html,application/xhtml+xml,application/xml;q=0.9,image/webp,image/apng,*/*;q=0.8,application/signed-exchange;v=b3',
  'user-agent' => 'Mozilla/5.0 (Windows NT 10.0; Win64; x64) AppleWebKit/537.36 (KHTML, like Gecko) Chrome/75.0.3770.100 Safari/537.36',
  'upgrade-insecure-requests' => '1',
  'connection' => 'close',
  'host' => 'localhost',
)
[ info ] [ PARAM ] array (
)
[ info ] [ RUN ] app\admin\controller\Jobmodify->index[ D:\phpstudy\WWW\php_web\app\admin\controller\Jobmodify.php ]
[ info ] [ SESSION ] INIT array (
  'id' => '',
  'var_session_id' => '',
  'prefix' => 'think',
  'type' => '',
  'auto_start' => true,
  'httponly' => true,
  'secure' => false,
)
[ info ] [ VIEW ] D:\phpstudy\WWW\php_web\public/../app/admin\view\index\job_modify.html [ array (
  0 => 'puser',
) ]
[ info ] [ LOG ] INIT File
---------------------------------------------------------------
[ 2019-06-24T21:52:29+08:00 ] 0.0.0.0 GET localhost/admin.php/undefinedcss/modules/layer/default/layer.css?v=3.0.3303
[运行时间：0.030950s] [吞吐率：32.31req/s] [内存消耗：1,104.38kb] [文件加载：37]
[ info ] [ LANG ] D:\phpstudy\WWW\php_web\thinkphp\lang\zh-cn.php
[ info ] [ BIND ] 'admin'
[ info ] [ ROUTE ] array (
  'type' => 'module',
  'module' => 
  array (
    0 => 'admin',
    1 => 'undefinedcss',
    2 => 'modules',
  ),
)
[ info ] [ HEADER ] array (
  'cookie' => 'Webstorm-4eb8b3=57b0db99-672f-4b1b-b1ea-0a1029c84255; pgv_pvi=4980935680; PHPSESSID=5tdj3iqsmee54e9140ssji4i85; Cauthor=4bccbd74cb6f1cbfe5d3d1b5e49dfe66',
  'accept-language' => 'en-US,en;q=0.9,zh-CN;q=0.8,zh;q=0.7',
  'accept-encoding' => 'gzip, deflate, br',
  'referer' => 'http://localhost/admin.php/Jobmodify',
  'accept' => 'text/css,*/*;q=0.1',
  'user-agent' => 'Mozilla/5.0 (Windows NT 10.0; Win64; x64) AppleWebKit/537.36 (KHTML, like Gecko) Chrome/75.0.3770.100 Safari/537.36',
  'connection' => 'close',
  'host' => 'localhost',
)
[ info ] [ PARAM ] array (
  'v' => '3.0.3303',
  'layer' => 'default',
)
[ info ] [ LOG ] INIT File
---------------------------------------------------------------
[ 2019-06-24T21:52:31+08:00 ] 0.0.0.0 GET localhost/admin.php/Jobmodify/queryall
[运行时间：0.079124s] [吞吐率：12.64req/s] [内存消耗：1,983.65kb] [文件加载：49]
[ info ] [ LANG ] D:\phpstudy\WWW\php_web\thinkphp\lang\zh-cn.php
[ info ] [ BIND ] 'admin'
[ info ] [ ROUTE ] array (
  'type' => 'module',
  'module' => 
  array (
    0 => 'admin',
    1 => 'Jobmodify',
    2 => 'queryall',
  ),
)
[ info ] [ HEADER ] array (
  'cookie' => 'Webstorm-4eb8b3=57b0db99-672f-4b1b-b1ea-0a1029c84255; pgv_pvi=4980935680; PHPSESSID=5tdj3iqsmee54e9140ssji4i85; Cauthor=4bccbd74cb6f1cbfe5d3d1b5e49dfe66',
  'accept-language' => 'en-US,en;q=0.9,zh-CN;q=0.8,zh;q=0.7',
  'accept-encoding' => 'gzip, deflate, br',
  'referer' => 'http://localhost/admin.php/Jobmodify',
  'accept' => 'text/html,application/xhtml+xml,application/xml;q=0.9,image/webp,image/apng,*/*;q=0.8,application/signed-exchange;v=b3',
  'user-agent' => 'Mozilla/5.0 (Windows NT 10.0; Win64; x64) AppleWebKit/537.36 (KHTML, like Gecko) Chrome/75.0.3770.100 Safari/537.36',
  'upgrade-insecure-requests' => '1',
  'connection' => 'close',
  'host' => 'localhost',
)
[ info ] [ PARAM ] array (
)
[ info ] [ RUN ] app\admin\controller\Jobmodify->queryall[ D:\phpstudy\WWW\php_web\app\admin\controller\Jobmodify.php ]
[ info ] [ SESSION ] INIT array (
  'id' => '',
  'var_session_id' => '',
  'prefix' => 'think',
  'type' => '',
  'auto_start' => true,
  'httponly' => true,
  'secure' => false,
)
[ info ] [ DB ] INIT mysql
[ info ] [ VIEW ] D:\phpstudy\WWW\php_web\public/../app/admin\view\index\job_modify.html [ array (
  0 => 'puser',
) ]
[ info ] [ LOG ] INIT File
---------------------------------------------------------------
[ 2019-06-24T21:52:31+08:00 ] 0.0.0.0 GET localhost/admin.php/Jobmodify/undefinedcss/modules/layer/default/layer.css?v=3.0.3303
[运行时间：0.032439s] [吞吐率：30.83req/s] [内存消耗：1,341.68kb] [文件加载：43]
[ info ] [ LANG ] D:\phpstudy\WWW\php_web\thinkphp\lang\zh-cn.php
[ info ] [ BIND ] 'admin'
[ info ] [ ROUTE ] array (
  'type' => 'module',
  'module' => 
  array (
    0 => 'admin',
    1 => 'Jobmodify',
    2 => 'undefinedcss',
  ),
)
[ info ] [ HEADER ] array (
  'cookie' => 'Webstorm-4eb8b3=57b0db99-672f-4b1b-b1ea-0a1029c84255; pgv_pvi=4980935680; PHPSESSID=5tdj3iqsmee54e9140ssji4i85; Cauthor=4bccbd74cb6f1cbfe5d3d1b5e49dfe66',
  'accept-language' => 'en-US,en;q=0.9,zh-CN;q=0.8,zh;q=0.7',
  'accept-encoding' => 'gzip, deflate, br',
  'referer' => 'http://localhost/admin.php/Jobmodify/queryall',
  'accept' => 'text/css,*/*;q=0.1',
  'user-agent' => 'Mozilla/5.0 (Windows NT 10.0; Win64; x64) AppleWebKit/537.36 (KHTML, like Gecko) Chrome/75.0.3770.100 Safari/537.36',
  'connection' => 'close',
  'host' => 'localhost',
)
[ info ] [ PARAM ] array (
  'v' => '3.0.3303',
  'modules' => 'layer',
  'default' => 'layer.css',
)
[ info ] [ LOG ] INIT File
---------------------------------------------------------------
[ 2019-06-24T21:52:38+08:00 ] 0.0.0.0 POST localhost/admin.php/Jobmodify/query
[运行时间：0.062023s] [吞吐率：16.12req/s] [内存消耗：1,973.23kb] [文件加载：49]
[ info ] [ LANG ] D:\phpstudy\WWW\php_web\thinkphp\lang\zh-cn.php
[ info ] [ BIND ] 'admin'
[ info ] [ ROUTE ] array (
  'type' => 'module',
  'module' => 
  array (
    0 => 'admin',
    1 => 'Jobmodify',
    2 => 'query',
  ),
)
[ info ] [ HEADER ] array (
  'cookie' => 'Webstorm-4eb8b3=57b0db99-672f-4b1b-b1ea-0a1029c84255; pgv_pvi=4980935680; PHPSESSID=5tdj3iqsmee54e9140ssji4i85; Cauthor=4bccbd74cb6f1cbfe5d3d1b5e49dfe66',
  'accept-language' => 'en-US,en;q=0.9,zh-CN;q=0.8,zh;q=0.7',
  'accept-encoding' => 'gzip, deflate, br',
  'referer' => 'http://localhost/admin.php/Jobmodify/queryall',
  'accept' => 'text/html,application/xhtml+xml,application/xml;q=0.9,image/webp,image/apng,*/*;q=0.8,application/signed-exchange;v=b3',
  'user-agent' => 'Mozilla/5.0 (Windows NT 10.0; Win64; x64) AppleWebKit/537.36 (KHTML, like Gecko) Chrome/75.0.3770.100 Safari/537.36',
  'content-type' => 'application/x-www-form-urlencoded',
  'upgrade-insecure-requests' => '1',
  'origin' => 'http://localhost',
  'cache-control' => 'max-age=0',
  'content-length' => '10',
  'connection' => 'close',
  'host' => 'localhost',
)
[ info ] [ PARAM ] array (
  'id' => '6',
  'name' => '',
)
[ info ] [ RUN ] app\admin\controller\Jobmodify->query[ D:\phpstudy\WWW\php_web\app\admin\controller\Jobmodify.php ]
[ info ] [ SESSION ] INIT array (
  'id' => '',
  'var_session_id' => '',
  'prefix' => 'think',
  'type' => '',
  'auto_start' => true,
  'httponly' => true,
  'secure' => false,
)
[ info ] [ DB ] INIT mysql
[ info ] [ VIEW ] D:\phpstudy\WWW\php_web\public/../app/admin\view\index\job_modify.html [ array (
  0 => 'puser',
) ]
[ info ] [ LOG ] INIT File
---------------------------------------------------------------
[ 2019-06-24T21:52:38+08:00 ] 0.0.0.0 GET localhost/admin.php/Jobmodify/undefinedcss/modules/layer/default/layer.css?v=3.0.3303
[运行时间：0.029083s] [吞吐率：34.38req/s] [内存消耗：1,341.66kb] [文件加载：43]
[ info ] [ LANG ] D:\phpstudy\WWW\php_web\thinkphp\lang\zh-cn.php
[ info ] [ BIND ] 'admin'
[ info ] [ ROUTE ] array (
  'type' => 'module',
  'module' => 
  array (
    0 => 'admin',
    1 => 'Jobmodify',
    2 => 'undefinedcss',
  ),
)
[ info ] [ HEADER ] array (
  'cookie' => 'Webstorm-4eb8b3=57b0db99-672f-4b1b-b1ea-0a1029c84255; pgv_pvi=4980935680; PHPSESSID=5tdj3iqsmee54e9140ssji4i85; Cauthor=4bccbd74cb6f1cbfe5d3d1b5e49dfe66',
  'accept-language' => 'en-US,en;q=0.9,zh-CN;q=0.8,zh;q=0.7',
  'accept-encoding' => 'gzip, deflate, br',
  'referer' => 'http://localhost/admin.php/Jobmodify/query',
  'accept' => 'text/css,*/*;q=0.1',
  'user-agent' => 'Mozilla/5.0 (Windows NT 10.0; Win64; x64) AppleWebKit/537.36 (KHTML, like Gecko) Chrome/75.0.3770.100 Safari/537.36',
  'connection' => 'close',
  'host' => 'localhost',
)
[ info ] [ PARAM ] array (
  'v' => '3.0.3303',
  'modules' => 'layer',
  'default' => 'layer.css',
)
[ info ] [ LOG ] INIT File
---------------------------------------------------------------
[ 2019-06-24T21:52:40+08:00 ] 0.0.0.0 GET localhost/admin.php/Jobmodify/queryall
[运行时间：0.058598s] [吞吐率：17.07req/s] [内存消耗：1,983.80kb] [文件加载：49]
[ info ] [ LANG ] D:\phpstudy\WWW\php_web\thinkphp\lang\zh-cn.php
[ info ] [ BIND ] 'admin'
[ info ] [ ROUTE ] array (
  'type' => 'module',
  'module' => 
  array (
    0 => 'admin',
    1 => 'Jobmodify',
    2 => 'queryall',
  ),
)
[ info ] [ HEADER ] array (
  'cookie' => 'Webstorm-4eb8b3=57b0db99-672f-4b1b-b1ea-0a1029c84255; pgv_pvi=4980935680; PHPSESSID=5tdj3iqsmee54e9140ssji4i85; Cauthor=4bccbd74cb6f1cbfe5d3d1b5e49dfe66',
  'accept-language' => 'en-US,en;q=0.9,zh-CN;q=0.8,zh;q=0.7',
  'accept-encoding' => 'gzip, deflate, br',
  'referer' => 'http://localhost/admin.php/Jobmodify/query',
  'accept' => 'text/html,application/xhtml+xml,application/xml;q=0.9,image/webp,image/apng,*/*;q=0.8,application/signed-exchange;v=b3',
  'user-agent' => 'Mozilla/5.0 (Windows NT 10.0; Win64; x64) AppleWebKit/537.36 (KHTML, like Gecko) Chrome/75.0.3770.100 Safari/537.36',
  'upgrade-insecure-requests' => '1',
  'connection' => 'close',
  'host' => 'localhost',
)
[ info ] [ PARAM ] array (
)
[ info ] [ RUN ] app\admin\controller\Jobmodify->queryall[ D:\phpstudy\WWW\php_web\app\admin\controller\Jobmodify.php ]
[ info ] [ SESSION ] INIT array (
  'id' => '',
  'var_session_id' => '',
  'prefix' => 'think',
  'type' => '',
  'auto_start' => true,
  'httponly' => true,
  'secure' => false,
)
[ info ] [ DB ] INIT mysql
[ info ] [ VIEW ] D:\phpstudy\WWW\php_web\public/../app/admin\view\index\job_modify.html [ array (
  0 => 'puser',
) ]
[ info ] [ LOG ] INIT File
---------------------------------------------------------------
[ 2019-06-24T21:52:40+08:00 ] 0.0.0.0 GET localhost/admin.php/Jobmodify/undefinedcss/modules/layer/default/layer.css?v=3.0.3303
[运行时间：0.030138s] [吞吐率：33.18req/s] [内存消耗：1,341.68kb] [文件加载：43]
[ info ] [ LANG ] D:\phpstudy\WWW\php_web\thinkphp\lang\zh-cn.php
[ info ] [ BIND ] 'admin'
[ info ] [ ROUTE ] array (
  'type' => 'module',
  'module' => 
  array (
    0 => 'admin',
    1 => 'Jobmodify',
    2 => 'undefinedcss',
  ),
)
[ info ] [ HEADER ] array (
  'cookie' => 'Webstorm-4eb8b3=57b0db99-672f-4b1b-b1ea-0a1029c84255; pgv_pvi=4980935680; PHPSESSID=5tdj3iqsmee54e9140ssji4i85; Cauthor=4bccbd74cb6f1cbfe5d3d1b5e49dfe66',
  'accept-language' => 'en-US,en;q=0.9,zh-CN;q=0.8,zh;q=0.7',
  'accept-encoding' => 'gzip, deflate, br',
  'referer' => 'http://localhost/admin.php/Jobmodify/queryall',
  'accept' => 'text/css,*/*;q=0.1',
  'user-agent' => 'Mozilla/5.0 (Windows NT 10.0; Win64; x64) AppleWebKit/537.36 (KHTML, like Gecko) Chrome/75.0.3770.100 Safari/537.36',
  'connection' => 'close',
  'host' => 'localhost',
)
[ info ] [ PARAM ] array (
  'v' => '3.0.3303',
  'modules' => 'layer',
  'default' => 'layer.css',
)
[ info ] [ LOG ] INIT File
---------------------------------------------------------------
[ 2019-06-24T21:52:40+08:00 ] 0.0.0.0 POST localhost/admin.php/Jobmodify/query
[运行时间：0.030704s] [吞吐率：32.57req/s] [内存消耗：1,356.90kb] [文件加载：43]
[ info ] [ LANG ] D:\phpstudy\WWW\php_web\thinkphp\lang\zh-cn.php
[ info ] [ BIND ] 'admin'
[ info ] [ ROUTE ] array (
  'type' => 'module',
  'module' => 
  array (
    0 => 'admin',
    1 => 'Jobmodify',
    2 => 'query',
  ),
)
[ info ] [ HEADER ] array (
  'cookie' => 'Webstorm-4eb8b3=57b0db99-672f-4b1b-b1ea-0a1029c84255; pgv_pvi=4980935680; PHPSESSID=5tdj3iqsmee54e9140ssji4i85; Cauthor=4bccbd74cb6f1cbfe5d3d1b5e49dfe66',
  'accept-language' => 'en-US,en;q=0.9,zh-CN;q=0.8,zh;q=0.7',
  'accept-encoding' => 'gzip, deflate, br',
  'referer' => 'http://localhost/admin.php/Jobmodify/queryall',
  'accept' => 'text/html,application/xhtml+xml,application/xml;q=0.9,image/webp,image/apng,*/*;q=0.8,application/signed-exchange;v=b3',
  'user-agent' => 'Mozilla/5.0 (Windows NT 10.0; Win64; x64) AppleWebKit/537.36 (KHTML, like Gecko) Chrome/75.0.3770.100 Safari/537.36',
  'content-type' => 'application/x-www-form-urlencoded',
  'upgrade-insecure-requests' => '1',
  'origin' => 'http://localhost',
  'cache-control' => 'max-age=0',
  'content-length' => '9',
  'connection' => 'close',
  'host' => 'localhost',
)
[ info ] [ PARAM ] array (
  'id' => '',
  'name' => '',
)
[ info ] [ RUN ] app\admin\controller\Jobmodify->query[ D:\phpstudy\WWW\php_web\app\admin\controller\Jobmodify.php ]
[ info ] [ SESSION ] INIT array (
  'id' => '',
  'var_session_id' => '',
  'prefix' => 'think',
  'type' => '',
  'auto_start' => true,
  'httponly' => true,
  'secure' => false,
)
[ info ] [ VIEW ] D:\phpstudy\WWW\php_web\public/../app/admin\view\index\job_modify.html [ array (
  0 => 'puser',
) ]
[ info ] [ LOG ] INIT File
---------------------------------------------------------------
[ 2019-06-24T21:52:42+08:00 ] 0.0.0.0 GET localhost/admin.php/Jobmodify/undefinedcss/modules/layer/default/layer.css?v=3.0.3303
[运行时间：0.030085s] [吞吐率：33.24req/s] [内存消耗：1,341.66kb] [文件加载：43]
[ info ] [ LANG ] D:\phpstudy\WWW\php_web\thinkphp\lang\zh-cn.php
[ info ] [ BIND ] 'admin'
[ info ] [ ROUTE ] array (
  'type' => 'module',
  'module' => 
  array (
    0 => 'admin',
    1 => 'Jobmodify',
    2 => 'undefinedcss',
  ),
)
[ info ] [ HEADER ] array (
  'cookie' => 'Webstorm-4eb8b3=57b0db99-672f-4b1b-b1ea-0a1029c84255; pgv_pvi=4980935680; PHPSESSID=5tdj3iqsmee54e9140ssji4i85; Cauthor=4bccbd74cb6f1cbfe5d3d1b5e49dfe66',
  'accept-language' => 'en-US,en;q=0.9,zh-CN;q=0.8,zh;q=0.7',
  'accept-encoding' => 'gzip, deflate, br',
  'referer' => 'http://localhost/admin.php/Jobmodify/query',
  'accept' => 'text/css,*/*;q=0.1',
  'user-agent' => 'Mozilla/5.0 (Windows NT 10.0; Win64; x64) AppleWebKit/537.36 (KHTML, like Gecko) Chrome/75.0.3770.100 Safari/537.36',
  'connection' => 'close',
  'host' => 'localhost',
)
[ info ] [ PARAM ] array (
  'v' => '3.0.3303',
  'modules' => 'layer',
  'default' => 'layer.css',
)
[ info ] [ LOG ] INIT File
